2020-04-27T06:59:07+00:00 CRITICAL Uncaught Error: Call to undefined function post() in /home/p/pozdr/pozdr.beget.tech/public_html/wp-content/themes/envo-storefront/content.php:19
Stack trace:
#0 /home/p/pozdr/pozdr.beget.tech/public_html/wp-includes/template.php(724): require()
#1 /home/p/pozdr/pozdr.beget.tech/public_html/wp-includes/template.php(671): load_template('/home/p/pozdr/p...', false)
#2 /home/p/pozdr/pozdr.beget.tech/public_html/wp-includes/general-template.php(168): locate_template(Array, true, false)
#3 /home/p/pozdr/pozdr.beget.tech/public_html/wp-content/themes/envo-storefront/search.php(43): get_template_part('content', '')
#4 /home/p/pozdr/pozdr.beget.tech/public_html/wp-includes/template-loader.php(98): include('/home/p/pozdr/p...')
#5 /home/p/pozdr/pozdr.beget.tech/public_html/wp-blog-header.php(19): require_once('/home/p/pozdr/p...')
#6 /home/p/pozdr/pozdr.beget.tech/public_html/index.php(17): require('/home/p/pozdr/p...')
#7 {main}
  thrown in /home/p/pozdr/pozdr.beget.tech/public_html/wp-content/themes/envo-storefront/content.php on line 19

2020-04-27T07:04:54+00:00 CRITICAL Uncaught Error: Call to undefined function post() in /home/p/pozdr/pozdr.beget.tech/public_html/wp-content/themes/envo-storefront/content.php:19
Stack trace:
#0 /home/p/pozdr/pozdr.beget.tech/public_html/wp-includes/template.php(724): require()
#1 /home/p/pozdr/pozdr.beget.tech/public_html/wp-includes/template.php(671): load_template('/home/p/pozdr/p...', false)
#2 /home/p/pozdr/pozdr.beget.tech/public_html/wp-includes/general-template.php(168): locate_template(Array, true, false)
#3 /home/p/pozdr/pozdr.beget.tech/public_html/wp-content/themes/envo-storefront/search.php(43): get_template_part('content', '')
#4 /home/p/pozdr/pozdr.beget.tech/public_html/wp-includes/template-loader.php(98): include('/home/p/pozdr/p...')
#5 /home/p/pozdr/pozdr.beget.tech/public_html/wp-blog-header.php(19): require_once('/home/p/pozdr/p...')
#6 /home/p/pozdr/pozdr.beget.tech/public_html/index.php(17): require('/home/p/pozdr/p...')
#7 {main}
  thrown in /home/p/pozdr/pozdr.beget.tech/public_html/wp-content/themes/envo-storefront/content.php on line 19

2020-04-27T07:43:26+00:00 CRITICAL Uncaught Error: Call to undefined function post() in /home/p/pozdr/pozdr.beget.tech/public_html/wp-content/themes/envo-storefront/content.php:19
Stack trace:
#0 /home/p/pozdr/pozdr.beget.tech/public_html/wp-includes/template.php(724): require()
#1 /home/p/pozdr/pozdr.beget.tech/public_html/wp-includes/template.php(671): load_template('/home/p/pozdr/p...', false)
#2 /home/p/pozdr/pozdr.beget.tech/public_html/wp-includes/general-template.php(168): locate_template(Array, true, false)
#3 /home/p/pozdr/pozdr.beget.tech/public_html/wp-content/themes/envo-storefront/search.php(43): get_template_part('content', '')
#4 /home/p/pozdr/pozdr.beget.tech/public_html/wp-includes/template-loader.php(98): include('/home/p/pozdr/p...')
#5 /home/p/pozdr/pozdr.beget.tech/public_html/wp-blog-header.php(19): require_once('/home/p/pozdr/p...')
#6 /home/p/pozdr/pozdr.beget.tech/public_html/index.php(17): require('/home/p/pozdr/p...')
#7 {main}
  thrown in /home/p/pozdr/pozdr.beget.tech/public_html/wp-content/themes/envo-storefront/content.php on line 19

2020-04-27T07:44:06+00:00 CRITICAL Uncaught Error: Call to undefined function post() in /home/p/pozdr/pozdr.beget.tech/public_html/wp-content/themes/envo-storefront/content.php:19
Stack trace:
#0 /home/p/pozdr/pozdr.beget.tech/public_html/wp-includes/template.php(724): require()
#1 /home/p/pozdr/pozdr.beget.tech/public_html/wp-includes/template.php(671): load_template('/home/p/pozdr/p...', false)
#2 /home/p/pozdr/pozdr.beget.tech/public_html/wp-includes/general-template.php(168): locate_template(Array, true, false)
#3 /home/p/pozdr/pozdr.beget.tech/public_html/wp-content/themes/envo-storefront/search.php(43): get_template_part('content', '')
#4 /home/p/pozdr/pozdr.beget.tech/public_html/wp-includes/template-loader.php(98): include('/home/p/pozdr/p...')
#5 /home/p/pozdr/pozdr.beget.tech/public_html/wp-blog-header.php(19): require_once('/home/p/pozdr/p...')
#6 /home/p/pozdr/pozdr.beget.tech/public_html/index.php(17): require('/home/p/pozdr/p...')
#7 {main}
  thrown in /home/p/pozdr/pozdr.beget.tech/public_html/wp-content/themes/envo-storefront/content.php on line 19

2020-04-27T07:51:57+00:00 CRITICAL Uncaught Error: Call to undefined function post() in /home/p/pozdr/pozdr.beget.tech/public_html/wp-content/themes/envo-storefront/content.php:19
Stack trace:
#0 /home/p/pozdr/pozdr.beget.tech/public_html/wp-includes/template.php(724): require()
#1 /home/p/pozdr/pozdr.beget.tech/public_html/wp-includes/template.php(671): load_template('/home/p/pozdr/p...', false)
#2 /home/p/pozdr/pozdr.beget.tech/public_html/wp-includes/general-template.php(168): locate_template(Array, true, false)
#3 /home/p/pozdr/pozdr.beget.tech/public_html/wp-content/themes/envo-storefront/search.php(43): get_template_part('content', '')
#4 /home/p/pozdr/pozdr.beget.tech/public_html/wp-includes/template-loader.php(98): include('/home/p/pozdr/p...')
#5 /home/p/pozdr/pozdr.beget.tech/public_html/wp-blog-header.php(19): require_once('/home/p/pozdr/p...')
#6 /home/p/pozdr/pozdr.beget.tech/public_html/index.php(17): require('/home/p/pozdr/p...')
#7 {main}
  thrown in /home/p/pozdr/pozdr.beget.tech/public_html/wp-content/themes/envo-storefront/content.php on line 19

2020-04-27T07:52:21+00:00 CRITICAL Uncaught Error: Call to undefined function post() in /home/p/pozdr/pozdr.beget.tech/public_html/wp-content/themes/envo-storefront/content.php:19
Stack trace:
#0 /home/p/pozdr/pozdr.beget.tech/public_html/wp-includes/template.php(724): require()
#1 /home/p/pozdr/pozdr.beget.tech/public_html/wp-includes/template.php(671): load_template('/home/p/pozdr/p...', false)
#2 /home/p/pozdr/pozdr.beget.tech/public_html/wp-includes/general-template.php(168): locate_template(Array, true, false)
#3 /home/p/pozdr/pozdr.beget.tech/public_html/wp-content/themes/envo-storefront/search.php(43): get_template_part('content', '')
#4 /home/p/pozdr/pozdr.beget.tech/public_html/wp-includes/template-loader.php(98): include('/home/p/pozdr/p...')
#5 /home/p/pozdr/pozdr.beget.tech/public_html/wp-blog-header.php(19): require_once('/home/p/pozdr/p...')
#6 /home/p/pozdr/pozdr.beget.tech/public_html/index.php(17): require('/home/p/pozdr/p...')
#7 {main}
  thrown in /home/p/pozdr/pozdr.beget.tech/public_html/wp-content/themes/envo-storefront/content.php on line 19

2020-04-27T07:53:11+00:00 CRITICAL Uncaught Error: Call to undefined function post() in /home/p/pozdr/pozdr.beget.tech/public_html/wp-content/themes/envo-storefront/content.php:19
Stack trace:
#0 /home/p/pozdr/pozdr.beget.tech/public_html/wp-includes/template.php(724): require()
#1 /home/p/pozdr/pozdr.beget.tech/public_html/wp-includes/template.php(671): load_template('/home/p/pozdr/p...', false)
#2 /home/p/pozdr/pozdr.beget.tech/public_html/wp-includes/general-template.php(168): locate_template(Array, true, false)
#3 /home/p/pozdr/pozdr.beget.tech/public_html/wp-content/themes/envo-storefront/search.php(43): get_template_part('content', '')
#4 /home/p/pozdr/pozdr.beget.tech/public_html/wp-includes/template-loader.php(98): include('/home/p/pozdr/p...')
#5 /home/p/pozdr/pozdr.beget.tech/public_html/wp-blog-header.php(19): require_once('/home/p/pozdr/p...')
#6 /home/p/pozdr/pozdr.beget.tech/public_html/index.php(17): require('/home/p/pozdr/p...')
#7 {main}
  thrown in /home/p/pozdr/pozdr.beget.tech/public_html/wp-content/themes/envo-storefront/content.php on line 19

2020-04-27T07:53:21+00:00 CRITICAL Uncaught Error: Call to undefined function post() in /home/p/pozdr/pozdr.beget.tech/public_html/wp-content/themes/envo-storefront/content.php:19
Stack trace:
#0 /home/p/pozdr/pozdr.beget.tech/public_html/wp-includes/template.php(724): require()
#1 /home/p/pozdr/pozdr.beget.tech/public_html/wp-includes/template.php(671): load_template('/home/p/pozdr/p...', false)
#2 /home/p/pozdr/pozdr.beget.tech/public_html/wp-includes/general-template.php(168): locate_template(Array, true, false)
#3 /home/p/pozdr/pozdr.beget.tech/public_html/wp-content/themes/envo-storefront/search.php(43): get_template_part('content', '')
#4 /home/p/pozdr/pozdr.beget.tech/public_html/wp-includes/template-loader.php(98): include('/home/p/pozdr/p...')
#5 /home/p/pozdr/pozdr.beget.tech/public_html/wp-blog-header.php(19): require_once('/home/p/pozdr/p...')
#6 /home/p/pozdr/pozdr.beget.tech/public_html/index.php(17): require('/home/p/pozdr/p...')
#7 {main}
  thrown in /home/p/pozdr/pozdr.beget.tech/public_html/wp-content/themes/envo-storefront/content.php on line 19

2020-04-27T07:55:25+00:00 CRITICAL Uncaught Error: Call to undefined function post() in /home/p/pozdr/pozdr.beget.tech/public_html/wp-content/themes/envo-storefront/content.php:19
Stack trace:
#0 /home/p/pozdr/pozdr.beget.tech/public_html/wp-includes/template.php(724): require()
#1 /home/p/pozdr/pozdr.beget.tech/public_html/wp-includes/template.php(671): load_template('/home/p/pozdr/p...', false)
#2 /home/p/pozdr/pozdr.beget.tech/public_html/wp-includes/general-template.php(168): locate_template(Array, true, false)
#3 /home/p/pozdr/pozdr.beget.tech/public_html/wp-content/themes/envo-storefront/search.php(43): get_template_part('content', '')
#4 /home/p/pozdr/pozdr.beget.tech/public_html/wp-includes/template-loader.php(98): include('/home/p/pozdr/p...')
#5 /home/p/pozdr/pozdr.beget.tech/public_html/wp-blog-header.php(19): require_once('/home/p/pozdr/p...')
#6 /home/p/pozdr/pozdr.beget.tech/public_html/index.php(17): require('/home/p/pozdr/p...')
#7 {main}
  thrown in /home/p/pozdr/pozdr.beget.tech/public_html/wp-content/themes/envo-storefront/content.php on line 19

2020-04-27T08:05:02+00:00 CRITICAL Uncaught Error: Call to undefined function post() in /home/p/pozdr/pozdr.beget.tech/public_html/wp-content/themes/envo-storefront/content.php:19
Stack trace:
#0 /home/p/pozdr/pozdr.beget.tech/public_html/wp-includes/template.php(724): require()
#1 /home/p/pozdr/pozdr.beget.tech/public_html/wp-includes/template.php(671): load_template('/home/p/pozdr/p...', false)
#2 /home/p/pozdr/pozdr.beget.tech/public_html/wp-includes/general-template.php(168): locate_template(Array, true, false)
#3 /home/p/pozdr/pozdr.beget.tech/public_html/wp-content/themes/envo-storefront/search.php(43): get_template_part('content', '')
#4 /home/p/pozdr/pozdr.beget.tech/public_html/wp-includes/template-loader.php(98): include('/home/p/pozdr/p...')
#5 /home/p/pozdr/pozdr.beget.tech/public_html/wp-blog-header.php(19): require_once('/home/p/pozdr/p...')
#6 /home/p/pozdr/pozdr.beget.tech/public_html/index.php(17): require('/home/p/pozdr/p...')
#7 {main}
  thrown in /home/p/pozdr/pozdr.beget.tech/public_html/wp-content/themes/envo-storefront/content.php on line 19

2020-04-27T08:40:18+00:00 CRITICAL Uncaught Error: Call to undefined function post() in /home/p/pozdr/pozdr.beget.tech/public_html/wp-content/themes/envo-storefront/content.php:19
Stack trace:
#0 /home/p/pozdr/pozdr.beget.tech/public_html/wp-includes/template.php(724): require()
#1 /home/p/pozdr/pozdr.beget.tech/public_html/wp-includes/template.php(671): load_template('/home/p/pozdr/p...', false)
#2 /home/p/pozdr/pozdr.beget.tech/public_html/wp-includes/general-template.php(168): locate_template(Array, true, false)
#3 /home/p/pozdr/pozdr.beget.tech/public_html/wp-content/themes/envo-storefront/search.php(43): get_template_part('content', '')
#4 /home/p/pozdr/pozdr.beget.tech/public_html/wp-includes/template-loader.php(98): include('/home/p/pozdr/p...')
#5 /home/p/pozdr/pozdr.beget.tech/public_html/wp-blog-header.php(19): require_once('/home/p/pozdr/p...')
#6 /home/p/pozdr/pozdr.beget.tech/public_html/index.php(17): require('/home/p/pozdr/p...')
#7 {main}
  thrown in /home/p/pozdr/pozdr.beget.tech/public_html/wp-content/themes/envo-storefront/content.php on line 19

2020-04-27T08:41:36+00:00 CRITICAL Uncaught Error: Call to undefined function post() in /home/p/pozdr/pozdr.beget.tech/public_html/wp-content/themes/envo-storefront/content.php:19
Stack trace:
#0 /home/p/pozdr/pozdr.beget.tech/public_html/wp-includes/template.php(724): require()
#1 /home/p/pozdr/pozdr.beget.tech/public_html/wp-includes/template.php(671): load_template('/home/p/pozdr/p...', false)
#2 /home/p/pozdr/pozdr.beget.tech/public_html/wp-includes/general-template.php(168): locate_template(Array, true, false)
#3 /home/p/pozdr/pozdr.beget.tech/public_html/wp-content/themes/envo-storefront/search.php(43): get_template_part('content', '')
#4 /home/p/pozdr/pozdr.beget.tech/public_html/wp-includes/template-loader.php(98): include('/home/p/pozdr/p...')
#5 /home/p/pozdr/pozdr.beget.tech/public_html/wp-blog-header.php(19): require_once('/home/p/pozdr/p...')
#6 /home/p/pozdr/pozdr.beget.tech/public_html/index.php(17): require('/home/p/pozdr/p...')
#7 {main}
  thrown in /home/p/pozdr/pozdr.beget.tech/public_html/wp-content/themes/envo-storefront/content.php on line 19

2020-04-27T09:26:20+00:00 CRITICAL Uncaught Error: Call to undefined function post() in /home/p/pozdr/pozdr.beget.tech/public_html/wp-content/themes/envo-storefront/content.php:19
Stack trace:
#0 /home/p/pozdr/pozdr.beget.tech/public_html/wp-includes/template.php(724): require()
#1 /home/p/pozdr/pozdr.beget.tech/public_html/wp-includes/template.php(671): load_template('/home/p/pozdr/p...', false)
#2 /home/p/pozdr/pozdr.beget.tech/public_html/wp-includes/general-template.php(168): locate_template(Array, true, false)
#3 /home/p/pozdr/pozdr.beget.tech/public_html/wp-content/themes/envo-storefront/search.php(43): get_template_part('content', '')
#4 /home/p/pozdr/pozdr.beget.tech/public_html/wp-includes/template-loader.php(98): include('/home/p/pozdr/p...')
#5 /home/p/pozdr/pozdr.beget.tech/public_html/wp-blog-header.php(19): require_once('/home/p/pozdr/p...')
#6 /home/p/pozdr/pozdr.beget.tech/public_html/index.php(17): require('/home/p/pozdr/p...')
#7 {main}
  thrown in /home/p/pozdr/pozdr.beget.tech/public_html/wp-content/themes/envo-storefront/content.php on line 19

2020-04-27T09:44:10+00:00 CRITICAL Uncaught Error: Call to undefined function post() in /home/p/pozdr/pozdr.beget.tech/public_html/wp-content/themes/envo-storefront/content.php:19
Stack trace:
#0 /home/p/pozdr/pozdr.beget.tech/public_html/wp-includes/template.php(724): require()
#1 /home/p/pozdr/pozdr.beget.tech/public_html/wp-includes/template.php(671): load_template('/home/p/pozdr/p...', false)
#2 /home/p/pozdr/pozdr.beget.tech/public_html/wp-includes/general-template.php(168): locate_template(Array, true, false)
#3 /home/p/pozdr/pozdr.beget.tech/public_html/wp-content/themes/envo-storefront/search.php(43): get_template_part('content', '')
#4 /home/p/pozdr/pozdr.beget.tech/public_html/wp-includes/template-loader.php(98): include('/home/p/pozdr/p...')
#5 /home/p/pozdr/pozdr.beget.tech/public_html/wp-blog-header.php(19): require_once('/home/p/pozdr/p...')
#6 /home/p/pozdr/pozdr.beget.tech/public_html/index.php(17): require('/home/p/pozdr/p...')
#7 {main}
  thrown in /home/p/pozdr/pozdr.beget.tech/public_html/wp-content/themes/envo-storefront/content.php on line 19

2020-04-27T09:44:51+00:00 CRITICAL Uncaught Error: Call to undefined function post() in /home/p/pozdr/pozdr.beget.tech/public_html/wp-content/themes/envo-storefront/content.php:19
Stack trace:
#0 /home/p/pozdr/pozdr.beget.tech/public_html/wp-includes/template.php(724): require()
#1 /home/p/pozdr/pozdr.beget.tech/public_html/wp-includes/template.php(671): load_template('/home/p/pozdr/p...', false)
#2 /home/p/pozdr/pozdr.beget.tech/public_html/wp-includes/general-template.php(168): locate_template(Array, true, false)
#3 /home/p/pozdr/pozdr.beget.tech/public_html/wp-content/themes/envo-storefront/search.php(43): get_template_part('content', '')
#4 /home/p/pozdr/pozdr.beget.tech/public_html/wp-includes/template-loader.php(98): include('/home/p/pozdr/p...')
#5 /home/p/pozdr/pozdr.beget.tech/public_html/wp-blog-header.php(19): require_once('/home/p/pozdr/p...')
#6 /home/p/pozdr/pozdr.beget.tech/public_html/index.php(17): require('/home/p/pozdr/p...')
#7 {main}
  thrown in /home/p/pozdr/pozdr.beget.tech/public_html/wp-content/themes/envo-storefront/content.php on line 19

2020-04-27T09:46:27+00:00 CRITICAL Uncaught Error: Call to undefined function post() in /home/p/pozdr/pozdr.beget.tech/public_html/wp-content/themes/envo-storefront/content.php:19
Stack trace:
#0 /home/p/pozdr/pozdr.beget.tech/public_html/wp-includes/template.php(724): require()
#1 /home/p/pozdr/pozdr.beget.tech/public_html/wp-includes/template.php(671): load_template('/home/p/pozdr/p...', false)
#2 /home/p/pozdr/pozdr.beget.tech/public_html/wp-includes/general-template.php(168): locate_template(Array, true, false)
#3 /home/p/pozdr/pozdr.beget.tech/public_html/wp-content/themes/envo-storefront/search.php(43): get_template_part('content', '')
#4 /home/p/pozdr/pozdr.beget.tech/public_html/wp-includes/template-loader.php(98): include('/home/p/pozdr/p...')
#5 /home/p/pozdr/pozdr.beget.tech/public_html/wp-blog-header.php(19): require_once('/home/p/pozdr/p...')
#6 /home/p/pozdr/pozdr.beget.tech/public_html/index.php(17): require('/home/p/pozdr/p...')
#7 {main}
  thrown in /home/p/pozdr/pozdr.beget.tech/public_html/wp-content/themes/envo-storefront/content.php on line 19

2020-04-27T09:52:40+00:00 CRITICAL Uncaught Error: Call to undefined function post() in /home/p/pozdr/pozdr.beget.tech/public_html/wp-content/themes/envo-storefront/content.php:19
Stack trace:
#0 /home/p/pozdr/pozdr.beget.tech/public_html/wp-includes/template.php(724): require()
#1 /home/p/pozdr/pozdr.beget.tech/public_html/wp-includes/template.php(671): load_template('/home/p/pozdr/p...', false)
#2 /home/p/pozdr/pozdr.beget.tech/public_html/wp-includes/general-template.php(168): locate_template(Array, true, false)
#3 /home/p/pozdr/pozdr.beget.tech/public_html/wp-content/themes/envo-storefront/search.php(43): get_template_part('content', '')
#4 /home/p/pozdr/pozdr.beget.tech/public_html/wp-includes/template-loader.php(98): include('/home/p/pozdr/p...')
#5 /home/p/pozdr/pozdr.beget.tech/public_html/wp-blog-header.php(19): require_once('/home/p/pozdr/p...')
#6 /home/p/pozdr/pozdr.beget.tech/public_html/index.php(17): require('/home/p/pozdr/p...')
#7 {main}
  thrown in /home/p/pozdr/pozdr.beget.tech/public_html/wp-content/themes/envo-storefront/content.php on line 19

