2020-04-13T07:03:00+00:00 CRITICAL syntax error, unexpected '%' in /home/p/pozdr/pozdr.beget.tech/public_html/wp-content/themes/envo-storefront/woocommerce/content-single-product.php on line 142

2020-04-13T07:04:10+00:00 CRITICAL syntax error, unexpected '%' in /home/p/pozdr/pozdr.beget.tech/public_html/wp-content/themes/envo-storefront/woocommerce/content-single-product.php on line 142

2020-04-13T12:15:09+00:00 CRITICAL Object of class WP_Error could not be converted to string in /home/p/pozdr/pozdr.beget.tech/public_html/reg2.php on line 27

2020-04-13T12:16:22+00:00 CRITICAL Object of class WP_Error could not be converted to string in /home/p/pozdr/pozdr.beget.tech/public_html/reg2.php on line 27

2020-04-13T12:16:56+00:00 CRITICAL Uncaught Error: Call to a member function get_error_message() on null in /home/p/pozdr/pozdr.beget.tech/public_html/reg2.php:28
Stack trace:
#0 {main}
  thrown in /home/p/pozdr/pozdr.beget.tech/public_html/reg2.php on line 28

2020-04-13T12:17:54+00:00 CRITICAL Object of class WP_Error could not be converted to string in /home/p/pozdr/pozdr.beget.tech/public_html/reg2.php on line 27

2020-04-13T12:19:17+00:00 CRITICAL Uncaught Error: Call to a member function get_error_message() on null in /home/p/pozdr/pozdr.beget.tech/public_html/reg2.php:28
Stack trace:
#0 {main}
  thrown in /home/p/pozdr/pozdr.beget.tech/public_html/reg2.php on line 28

2020-04-13T18:25:07+00:00 CRITICAL Uncaught Error: Call to undefined function wp_the_title() in /home/p/pozdr/pozdr.beget.tech/public_html/wp-content/themes/envo-storefront/content-page.php:9
Stack trace:
#0 /home/p/pozdr/pozdr.beget.tech/public_html/wp-includes/template.php(724): require()
#1 /home/p/pozdr/pozdr.beget.tech/public_html/wp-includes/template.php(671): load_template('/home/p/pozdr/p...', false)
#2 /home/p/pozdr/pozdr.beget.tech/public_html/wp-includes/general-template.php(168): locate_template(Array, true, false)
#3 /home/p/pozdr/pozdr.beget.tech/public_html/wp-content/themes/envo-storefront/page.php(4): get_template_part('content', 'page')
#4 /home/p/pozdr/pozdr.beget.tech/public_html/wp-includes/template-loader.php(98): include('/home/p/pozdr/p...')
#5 /home/p/pozdr/pozdr.beget.tech/public_html/wp-blog-header.php(19): require_once('/home/p/pozdr/p...')
#6 /home/p/pozdr/pozdr.beget.tech/public_html/index.php(17): require('/home/p/pozdr/p...')
#7 {main}
  thrown in /home/p/pozdr/pozdr.beget.tech/public_html/wp-content/themes/envo-storefront/content-page.php on line 9

2020-04-13T18:25:18+00:00 CRITICAL Uncaught Error: Call to undefined function wp_the_title() in /home/p/pozdr/pozdr.beget.tech/public_html/wp-content/themes/envo-storefront/content-page.php:9
Stack trace:
#0 /home/p/pozdr/pozdr.beget.tech/public_html/wp-includes/template.php(724): require()
#1 /home/p/pozdr/pozdr.beget.tech/public_html/wp-includes/template.php(671): load_template('/home/p/pozdr/p...', false)
#2 /home/p/pozdr/pozdr.beget.tech/public_html/wp-includes/general-template.php(168): locate_template(Array, true, false)
#3 /home/p/pozdr/pozdr.beget.tech/public_html/wp-content/themes/envo-storefront/page.php(4): get_template_part('content', 'page')
#4 /home/p/pozdr/pozdr.beget.tech/public_html/wp-includes/template-loader.php(98): include('/home/p/pozdr/p...')
#5 /home/p/pozdr/pozdr.beget.tech/public_html/wp-blog-header.php(19): require_once('/home/p/pozdr/p...')
#6 /home/p/pozdr/pozdr.beget.tech/public_html/index.php(17): require('/home/p/pozdr/p...')
#7 {main}
  thrown in /home/p/pozdr/pozdr.beget.tech/public_html/wp-content/themes/envo-storefront/content-page.php on line 9

2020-04-13T19:58:27+00:00 CRITICAL Object of class WP_User could not be converted to string in /home/p/pozdr/pozdr.beget.tech/public_html/wp-content/themes/envo-storefront/woocommerce/myaccount/orders.php on line 160

2020-04-13T19:58:42+00:00 CRITICAL Object of class WP_User could not be converted to string in /home/p/pozdr/pozdr.beget.tech/public_html/wp-content/themes/envo-storefront/woocommerce/myaccount/orders.php on line 160

2020-04-13T19:59:04+00:00 CRITICAL Object of class WP_User could not be converted to string in /home/p/pozdr/pozdr.beget.tech/public_html/wp-content/themes/envo-storefront/woocommerce/myaccount/orders.php on line 160

2020-04-13T22:10:57+00:00 CRITICAL syntax error, unexpected ';' in /home/p/pozdr/pozdr.beget.tech/public_html/wp-content/themes/envo-storefront/woocommerce/content-single-product.php on line 154

2020-04-13T22:11:38+00:00 CRITICAL syntax error, unexpected ';' in /home/p/pozdr/pozdr.beget.tech/public_html/wp-content/themes/envo-storefront/woocommerce/content-single-product.php on line 154

