2020-04-04T01:31:31+00:00 CRITICAL Uncaught Error: Call to undefined function aray() in /home/p/pozdr/pozdr.beget.tech/public_html/wp-content/themes/envo-storefront/woocommerce/myaccount/form-edit-account.php:170
Stack trace:
#0 /home/p/pozdr/pozdr.beget.tech/public_html/wp-content/plugins/woocommerce/includes/wc-core-functions.php(251): include()
#1 /home/p/pozdr/pozdr.beget.tech/public_html/wp-content/plugins/woocommerce/includes/shortcodes/class-wc-shortcode-my-account.php(160): wc_get_template('myaccount/form-...', Array)
#2 /home/p/pozdr/pozdr.beget.tech/public_html/wp-content/plugins/woocommerce/includes/wc-template-functions.php(3141): WC_Shortcode_My_Account::edit_account()
#3 /home/p/pozdr/pozdr.beget.tech/public_html/wp-includes/class-wp-hook.php(288): woocommerce_account_edit_account('')
#4 /home/p/pozdr/pozdr.beget.tech/public_html/wp-includes/class-wp-hook.php(312): WP_Hook->apply_filters('', Array)
#5 /home/p/pozdr/pozdr.beget.tech/public_html/wp-includes/plugin.php(478): WP_Hook->do_action(Array)
#6 /home/p/pozdr/pozdr.beget.tec in /home/p/pozdr/pozdr.beget.tech/public_html/wp-content/themes/envo-storefront/woocommerce/myaccount/form-edit-account.php on line 170

2020-04-04T01:32:00+00:00 CRITICAL Uncaught Error: Call to undefined function aray() in /home/p/pozdr/pozdr.beget.tech/public_html/wp-content/themes/envo-storefront/woocommerce/myaccount/form-edit-account.php:170
Stack trace:
#0 /home/p/pozdr/pozdr.beget.tech/public_html/wp-content/plugins/woocommerce/includes/wc-core-functions.php(251): include()
#1 /home/p/pozdr/pozdr.beget.tech/public_html/wp-content/plugins/woocommerce/includes/shortcodes/class-wc-shortcode-my-account.php(160): wc_get_template('myaccount/form-...', Array)
#2 /home/p/pozdr/pozdr.beget.tech/public_html/wp-content/plugins/woocommerce/includes/wc-template-functions.php(3141): WC_Shortcode_My_Account::edit_account()
#3 /home/p/pozdr/pozdr.beget.tech/public_html/wp-includes/class-wp-hook.php(288): woocommerce_account_edit_account('')
#4 /home/p/pozdr/pozdr.beget.tech/public_html/wp-includes/class-wp-hook.php(312): WP_Hook->apply_filters('', Array)
#5 /home/p/pozdr/pozdr.beget.tech/public_html/wp-includes/plugin.php(478): WP_Hook->do_action(Array)
#6 /home/p/pozdr/pozdr.beget.tec in /home/p/pozdr/pozdr.beget.tech/public_html/wp-content/themes/envo-storefront/woocommerce/myaccount/form-edit-account.php on line 170

2020-04-04T01:32:16+00:00 CRITICAL Uncaught Error: Call to undefined function aray() in /home/p/pozdr/pozdr.beget.tech/public_html/wp-content/themes/envo-storefront/woocommerce/myaccount/form-edit-account.php:170
Stack trace:
#0 /home/p/pozdr/pozdr.beget.tech/public_html/wp-content/plugins/woocommerce/includes/wc-core-functions.php(251): include()
#1 /home/p/pozdr/pozdr.beget.tech/public_html/wp-content/plugins/woocommerce/includes/shortcodes/class-wc-shortcode-my-account.php(160): wc_get_template('myaccount/form-...', Array)
#2 /home/p/pozdr/pozdr.beget.tech/public_html/wp-content/plugins/woocommerce/includes/wc-template-functions.php(3141): WC_Shortcode_My_Account::edit_account()
#3 /home/p/pozdr/pozdr.beget.tech/public_html/wp-includes/class-wp-hook.php(288): woocommerce_account_edit_account('')
#4 /home/p/pozdr/pozdr.beget.tech/public_html/wp-includes/class-wp-hook.php(312): WP_Hook->apply_filters('', Array)
#5 /home/p/pozdr/pozdr.beget.tech/public_html/wp-includes/plugin.php(478): WP_Hook->do_action(Array)
#6 /home/p/pozdr/pozdr.beget.tec in /home/p/pozdr/pozdr.beget.tech/public_html/wp-content/themes/envo-storefront/woocommerce/myaccount/form-edit-account.php on line 170

2020-04-04T01:32:58+00:00 CRITICAL Uncaught Error: Call to undefined function aray() in /home/p/pozdr/pozdr.beget.tech/public_html/wp-content/themes/envo-storefront/woocommerce/myaccount/form-edit-account.php:170
Stack trace:
#0 /home/p/pozdr/pozdr.beget.tech/public_html/wp-content/plugins/woocommerce/includes/wc-core-functions.php(251): include()
#1 /home/p/pozdr/pozdr.beget.tech/public_html/wp-content/plugins/woocommerce/includes/shortcodes/class-wc-shortcode-my-account.php(160): wc_get_template('myaccount/form-...', Array)
#2 /home/p/pozdr/pozdr.beget.tech/public_html/wp-content/plugins/woocommerce/includes/wc-template-functions.php(3141): WC_Shortcode_My_Account::edit_account()
#3 /home/p/pozdr/pozdr.beget.tech/public_html/wp-includes/class-wp-hook.php(288): woocommerce_account_edit_account('')
#4 /home/p/pozdr/pozdr.beget.tech/public_html/wp-includes/class-wp-hook.php(312): WP_Hook->apply_filters('', Array)
#5 /home/p/pozdr/pozdr.beget.tech/public_html/wp-includes/plugin.php(478): WP_Hook->do_action(Array)
#6 /home/p/pozdr/pozdr.beget.tec in /home/p/pozdr/pozdr.beget.tech/public_html/wp-content/themes/envo-storefront/woocommerce/myaccount/form-edit-account.php on line 170

2020-04-04T01:33:17+00:00 CRITICAL Uncaught Error: Call to undefined function aray() in /home/p/pozdr/pozdr.beget.tech/public_html/wp-content/themes/envo-storefront/woocommerce/myaccount/form-edit-account.php:170
Stack trace:
#0 /home/p/pozdr/pozdr.beget.tech/public_html/wp-content/plugins/woocommerce/includes/wc-core-functions.php(251): include()
#1 /home/p/pozdr/pozdr.beget.tech/public_html/wp-content/plugins/woocommerce/includes/shortcodes/class-wc-shortcode-my-account.php(160): wc_get_template('myaccount/form-...', Array)
#2 /home/p/pozdr/pozdr.beget.tech/public_html/wp-content/plugins/woocommerce/includes/wc-template-functions.php(3141): WC_Shortcode_My_Account::edit_account()
#3 /home/p/pozdr/pozdr.beget.tech/public_html/wp-includes/class-wp-hook.php(288): woocommerce_account_edit_account('')
#4 /home/p/pozdr/pozdr.beget.tech/public_html/wp-includes/class-wp-hook.php(312): WP_Hook->apply_filters('', Array)
#5 /home/p/pozdr/pozdr.beget.tech/public_html/wp-includes/plugin.php(478): WP_Hook->do_action(Array)
#6 /home/p/pozdr/pozdr.beget.tec in /home/p/pozdr/pozdr.beget.tech/public_html/wp-content/themes/envo-storefront/woocommerce/myaccount/form-edit-account.php on line 170

2020-04-04T01:33:58+00:00 CRITICAL Uncaught Error: Cannot use object of type WP_Term as array in /home/p/pozdr/pozdr.beget.tech/public_html/wp-content/themes/envo-storefront/woocommerce/myaccount/form-edit-account.php:173
Stack trace:
#0 /home/p/pozdr/pozdr.beget.tech/public_html/wp-content/plugins/woocommerce/includes/wc-core-functions.php(251): include()
#1 /home/p/pozdr/pozdr.beget.tech/public_html/wp-content/plugins/woocommerce/includes/shortcodes/class-wc-shortcode-my-account.php(160): wc_get_template('myaccount/form-...', Array)
#2 /home/p/pozdr/pozdr.beget.tech/public_html/wp-content/plugins/woocommerce/includes/wc-template-functions.php(3141): WC_Shortcode_My_Account::edit_account()
#3 /home/p/pozdr/pozdr.beget.tech/public_html/wp-includes/class-wp-hook.php(288): woocommerce_account_edit_account('')
#4 /home/p/pozdr/pozdr.beget.tech/public_html/wp-includes/class-wp-hook.php(312): WP_Hook->apply_filters('', Array)
#5 /home/p/pozdr/pozdr.beget.tech/public_html/wp-includes/plugin.php(478): WP_Hook->do_action(Array)
#6 /home/p/pozdr/pozdr. in /home/p/pozdr/pozdr.beget.tech/public_html/wp-content/themes/envo-storefront/woocommerce/myaccount/form-edit-account.php on line 173

2020-04-04T23:57:19+00:00 CRITICAL Uncaught Error: Call to undefined function download_url() in /home/p/pozdr/pozdr.beget.tech/public_html/updtov.php:17
Stack trace:
#0 {main}
  thrown in /home/p/pozdr/pozdr.beget.tech/public_html/updtov.php on line 17

2020-04-04T23:58:37+00:00 CRITICAL Uncaught Error: Call to undefined function download_url() in /home/p/pozdr/pozdr.beget.tech/public_html/updtov.php:17
Stack trace:
#0 {main}
  thrown in /home/p/pozdr/pozdr.beget.tech/public_html/updtov.php on line 17

2020-04-04T23:59:52+00:00 CRITICAL Uncaught Error: Call to undefined function download_url() in /home/p/pozdr/pozdr.beget.tech/public_html/updtov.php:17
Stack trace:
#0 {main}
  thrown in /home/p/pozdr/pozdr.beget.tech/public_html/updtov.php on line 17

