2020-04-05T00:01:25+00:00 CRITICAL Uncaught Error: Call to undefined function media_handle_sideload() in /home/p/pozdr/pozdr.beget.tech/public_html/updtov.php:17
Stack trace:
#0 {main}
  thrown in /home/p/pozdr/pozdr.beget.tech/public_html/updtov.php on line 17

2020-04-05T00:03:16+00:00 CRITICAL Uncaught Error: Call to undefined function media_handle_sideload() in /home/p/pozdr/pozdr.beget.tech/public_html/updtov.php:21
Stack trace:
#0 {main}
  thrown in /home/p/pozdr/pozdr.beget.tech/public_html/updtov.php on line 21

2020-04-05T00:03:46+00:00 CRITICAL Uncaught Error: Call to undefined function media_handle_sideload() in /home/p/pozdr/pozdr.beget.tech/public_html/updtov.php:21
Stack trace:
#0 {main}
  thrown in /home/p/pozdr/pozdr.beget.tech/public_html/updtov.php on line 21

2020-04-05T00:05:10+00:00 CRITICAL Uncaught Error: Call to undefined function media_handle_sideload() in /home/p/pozdr/pozdr.beget.tech/public_html/updtov.php:21
Stack trace:
#0 {main}
  thrown in /home/p/pozdr/pozdr.beget.tech/public_html/updtov.php on line 21

2020-04-05T00:07:06+00:00 CRITICAL Uncaught Error: Call to undefined function media_handle_sideload() in /home/p/pozdr/pozdr.beget.tech/public_html/updtov.php:21
Stack trace:
#0 {main}
  thrown in /home/p/pozdr/pozdr.beget.tech/public_html/updtov.php on line 21

2020-04-05T00:08:58+00:00 CRITICAL Uncaught Error: Call to undefined function media_handle_sideload() in /home/p/pozdr/pozdr.beget.tech/public_html/updtov.php:21
Stack trace:
#0 {main}
  thrown in /home/p/pozdr/pozdr.beget.tech/public_html/updtov.php on line 21

2020-04-05T00:14:19+00:00 CRITICAL Uncaught Error: Call to undefined function media_sideload_image() in /home/p/pozdr/pozdr.beget.tech/public_html/updtov.php:20
Stack trace:
#0 {main}
  thrown in /home/p/pozdr/pozdr.beget.tech/public_html/updtov.php on line 20

