2020-04-02T00:02:06+00:00 CRITICAL Object of class WP_Error could not be converted to string in /home/p/pozdr/pozdr.beget.tech/public_html/reg2.php on line 26

2020-04-02T00:03:29+00:00 CRITICAL Object of class WP_Error could not be converted to string in /home/p/pozdr/pozdr.beget.tech/public_html/reg2.php on line 26

2020-04-02T00:04:11+00:00 CRITICAL Object of class WP_Error could not be converted to string in /home/p/pozdr/pozdr.beget.tech/public_html/reg2.php on line 25

2020-04-02T00:04:43+00:00 CRITICAL Object of class WP_Error could not be converted to string in /home/p/pozdr/pozdr.beget.tech/public_html/reg2.php on line 22

2020-04-02T00:05:49+00:00 CRITICAL Object of class WP_Error could not be converted to string in /home/p/pozdr/pozdr.beget.tech/public_html/reg2.php on line 22

2020-04-02T00:06:07+00:00 CRITICAL Object of class WP_Error could not be converted to string in /home/p/pozdr/pozdr.beget.tech/public_html/reg2.php on line 21

2020-04-02T00:06:12+00:00 CRITICAL Object of class WP_Error could not be converted to string in /home/p/pozdr/pozdr.beget.tech/public_html/reg2.php on line 21

2020-04-02T00:09:02+00:00 CRITICAL Uncaught Error: Call to a member function get_error_message() on null in /home/p/pozdr/pozdr.beget.tech/public_html/reg2.php:27
Stack trace:
#0 {main}
  thrown in /home/p/pozdr/pozdr.beget.tech/public_html/reg2.php on line 27

2020-04-02T00:11:45+00:00 CRITICAL Uncaught Error: Call to a member function get_error_message() on null in /home/p/pozdr/pozdr.beget.tech/public_html/reg2.php:28
Stack trace:
#0 {main}
  thrown in /home/p/pozdr/pozdr.beget.tech/public_html/reg2.php on line 28

2020-04-02T00:12:48+00:00 CRITICAL Object of class WP_Error could not be converted to string in /home/p/pozdr/pozdr.beget.tech/public_html/reg2.php on line 27

2020-04-02T00:13:56+00:00 CRITICAL Uncaught Error: Call to a member function get_error_message() on null in /home/p/pozdr/pozdr.beget.tech/public_html/reg2.php:28
Stack trace:
#0 {main}
  thrown in /home/p/pozdr/pozdr.beget.tech/public_html/reg2.php on line 28

2020-04-02T00:14:40+00:00 CRITICAL Object of class WP_Error could not be converted to string in /home/p/pozdr/pozdr.beget.tech/public_html/reg2.php on line 27

2020-04-02T00:14:58+00:00 CRITICAL Uncaught Error: Call to a member function get_error_message() on null in /home/p/pozdr/pozdr.beget.tech/public_html/reg2.php:28
Stack trace:
#0 {main}
  thrown in /home/p/pozdr/pozdr.beget.tech/public_html/reg2.php on line 28

2020-04-02T06:51:36+00:00 CRITICAL Uncaught Error: Call to a member function get_error_message() on null in /home/p/pozdr/pozdr.beget.tech/public_html/reg2.php:28
Stack trace:
#0 {main}
  thrown in /home/p/pozdr/pozdr.beget.tech/public_html/reg2.php on line 28

2020-04-02T08:56:54+00:00 CRITICAL Object of class WP_Error could not be converted to string in /home/p/pozdr/pozdr.beget.tech/public_html/reg2.php on line 27

2020-04-02T08:57:45+00:00 CRITICAL Object of class WP_Error could not be converted to string in /home/p/pozdr/pozdr.beget.tech/public_html/reg2.php on line 27

