2020-05-05T22:03:28+00:00 INFO Generating payment form for order 412. Notify URL: https://mingming.io/wc-api/WC_Gateway_Paypal/
2020-05-05T22:03:28+00:00 INFO PayPal Request Args for order 412: Array
(
    [cmd] => _cart
    [business] => raketa@d2r2.com
    [no_note] => 1
    [currency_code] => USD
    [charset] => utf-8
    [rm] => 2
    [upload] => 1
    [return] => https://mingming.io/checkout-2/order-received/412/?key=wc_order_LwLfFBLX0r8MD&utm_nooverride=1
    [cancel_return] => https://mingming.io/cart-2/?cancel_order=true&order=wc_order_LwLfFBLX0r8MD&order_id=412&redirect&_wpnonce=0b935afffc
    [page_style] => 
    [image_url] => 
    [paymentaction] => sale
    [invoice] => WC-412
    [custom] => {"order_id":412,"order_key":"wc_order_LwLfFBLX0r8MD"}
    [notify_url] => https://mingming.io/wc-api/WC_Gateway_Paypal/
    [first_name] => ***
    [last_name] => ***
    [address1] => ***
    [address2] => ***
    [city] => ***
    [state] => ***
    [zip] => ***
    [country] => ***
    [email] => ***@***
    [night_phone_a] => ***
    [night_phone_b] => ***
    [no_shipping] => 1
    [tax_cart] => 0.00
    [item_name_1] => Jay Chou
    [quantity_1] => 1
    [amount_1] => 33
    [item_number_1] => 
    [bn] => WooThemes_Cart
)

