2020-05-12T15:55:49+00:00 INFO Generating payment form for order 473. Notify URL: https://mingming.io/wc-api/WC_Gateway_Paypal/
2020-05-12T15:55:49+00:00 INFO PayPal Request Args for order 473: Array
(
    [cmd] => _cart
    [business] => raketa@d2r2.com
    [no_note] => 1
    [currency_code] => USD
    [charset] => utf-8
    [rm] => 2
    [upload] => 1
    [return] => https://mingming.io/checkout-2/order-received/473/?key=wc_order_aaEzTEPj9Jldf&utm_nooverride=1
    [cancel_return] => https://mingming.io/cart-2/?cancel_order=true&order=wc_order_aaEzTEPj9Jldf&order_id=473&redirect&_wpnonce=dc88a6ce93
    [page_style] => 
    [image_url] => 
    [paymentaction] => sale
    [invoice] => WC-473
    [custom] => {"order_id":473,"order_key":"wc_order_aaEzTEPj9Jldf"}
    [notify_url] => https://mingming.io/wc-api/WC_Gateway_Paypal/
    [first_name] => ***
    [last_name] => ***
    [address1] => ***
    [address2] => ***
    [city] => ***
    [state] => ***
    [zip] => ***
    [country] => ***
    [email] => ***@***
    [night_phone_a] => ***
    [night_phone_b] => ***
    [no_shipping] => 1
    [tax_cart] => 0.00
    [item_name_1] => Xiang Tai
    [quantity_1] => 1
    [amount_1] => 0.1
    [item_number_1] => 
    [bn] => WooThemes_Cart
)

2020-05-12T15:55:57+00:00 INFO Generating payment form for order 473. Notify URL: https://mingming.io/wc-api/WC_Gateway_Paypal/
2020-05-12T15:55:57+00:00 INFO PayPal Request Args for order 473: Array
(
    [cmd] => _cart
    [business] => raketa@d2r2.com
    [no_note] => 1
    [currency_code] => USD
    [charset] => utf-8
    [rm] => 2
    [upload] => 1
    [return] => https://mingming.io/checkout-2/order-received/473/?key=wc_order_aaEzTEPj9Jldf&utm_nooverride=1
    [cancel_return] => https://mingming.io/cart-2/?cancel_order=true&order=wc_order_aaEzTEPj9Jldf&order_id=473&redirect&_wpnonce=e86defbe7f
    [page_style] => 
    [image_url] => 
    [paymentaction] => sale
    [invoice] => WC-473
    [custom] => {"order_id":473,"order_key":"wc_order_aaEzTEPj9Jldf"}
    [notify_url] => https://mingming.io/wc-api/WC_Gateway_Paypal/
    [first_name] => ***
    [last_name] => ***
    [address1] => ***
    [address2] => ***
    [city] => ***
    [state] => ***
    [zip] => ***
    [country] => ***
    [email] => ***@***
    [night_phone_a] => ***
    [night_phone_b] => ***
    [no_shipping] => 1
    [tax_cart] => 0.00
    [item_name_1] => Xiang Tai
    [quantity_1] => 1
    [amount_1] => 0.1
    [item_number_1] => 
    [bn] => WooThemes_Cart
)

2020-05-12T16:08:21+00:00 INFO Generating payment form for order 474. Notify URL: https://mingming.io/wc-api/WC_Gateway_Paypal/
2020-05-12T16:08:21+00:00 INFO PayPal Request Args for order 474: Array
(
    [cmd] => _cart
    [business] => raketa@d2r2.com
    [no_note] => 1
    [currency_code] => USD
    [charset] => utf-8
    [rm] => 2
    [upload] => 1
    [return] => https://mingming.io/checkout-2/order-received/474/?key=wc_order_Uecxfk96JLP1d&utm_nooverride=1
    [cancel_return] => https://mingming.io/cart-2/?cancel_order=true&order=wc_order_Uecxfk96JLP1d&order_id=474&redirect&_wpnonce=dc88a6ce93
    [page_style] => 
    [image_url] => 
    [paymentaction] => sale
    [invoice] => WC-474
    [custom] => {"order_id":474,"order_key":"wc_order_Uecxfk96JLP1d"}
    [notify_url] => https://mingming.io/wc-api/WC_Gateway_Paypal/
    [first_name] => ***
    [last_name] => ***
    [address1] => ***
    [address2] => ***
    [city] => ***
    [state] => ***
    [zip] => ***
    [country] => ***
    [email] => ***@***
    [night_phone_a] => ***
    [night_phone_b] => ***
    [no_shipping] => 1
    [tax_cart] => 0.00
    [item_name_1] => Xiang Tai
    [quantity_1] => 1
    [amount_1] => 0.1
    [item_number_1] => 
    [bn] => WooThemes_Cart
)

2020-05-12T16:14:48+00:00 INFO Generating payment form for order 475. Notify URL: https://mingming.io/wc-api/WC_Gateway_Paypal/
2020-05-12T16:14:48+00:00 INFO PayPal Request Args for order 475: Array
(
    [cmd] => _cart
    [business] => raketa@d2r2.com
    [no_note] => 1
    [currency_code] => USD
    [charset] => utf-8
    [rm] => 2
    [upload] => 1
    [return] => https://mingming.io/checkout-2/order-received/475/?key=wc_order_MRjlCVjlw3tTG&utm_nooverride=1
    [cancel_return] => https://mingming.io/cart-2/?cancel_order=true&order=wc_order_MRjlCVjlw3tTG&order_id=475&redirect&_wpnonce=9b18213dd0
    [page_style] => 
    [image_url] => 
    [paymentaction] => sale
    [invoice] => WC-475
    [custom] => {"order_id":475,"order_key":"wc_order_MRjlCVjlw3tTG"}
    [notify_url] => https://mingming.io/wc-api/WC_Gateway_Paypal/
    [first_name] => ***
    [last_name] => ***
    [address1] => ***
    [address2] => ***
    [city] => ***
    [state] => ***
    [zip] => ***
    [country] => ***
    [email] => ***@***
    [night_phone_a] => ***
    [night_phone_b] => ***
    [no_shipping] => 1
    [tax_cart] => 0.00
    [item_name_1] => Xiang Tai
    [quantity_1] => 1
    [amount_1] => 0.1
    [item_number_1] => 
    [bn] => WooThemes_Cart
)

2020-05-12T17:13:58+00:00 INFO Generating payment form for order 477. Notify URL: https://mingming.io/wc-api/WC_Gateway_Paypal/
2020-05-12T17:13:58+00:00 INFO PayPal Request Args for order 477: Array
(
    [cmd] => _cart
    [business] => raketa@d2r2.com
    [no_note] => 1
    [currency_code] => USD
    [charset] => utf-8
    [rm] => 2
    [upload] => 1
    [return] => https://mingming.io/checkout-2/order-received/477/?key=wc_order_ZZHJzZbVYCojv&utm_nooverride=1
    [cancel_return] => https://mingming.io/cart-2/?cancel_order=true&order=wc_order_ZZHJzZbVYCojv&order_id=477&redirect&_wpnonce=363a16bfb3
    [page_style] => 
    [image_url] => 
    [paymentaction] => sale
    [invoice] => WC-477
    [custom] => {"order_id":477,"order_key":"wc_order_ZZHJzZbVYCojv"}
    [notify_url] => https://mingming.io/wc-api/WC_Gateway_Paypal/
    [first_name] => ***
    [last_name] => ***
    [address1] => ***
    [address2] => ***
    [city] => ***
    [state] => ***
    [zip] => ***
    [country] => ***
    [email] => ***@***
    [night_phone_a] => ***
    [night_phone_b] => ***
    [no_shipping] => 1
    [tax_cart] => 0.00
    [item_name_1] => Xiang Tai
    [quantity_1] => 1
    [amount_1] => 0.5
    [item_number_1] => 
    [bn] => WooThemes_Cart
)

2020-05-12T17:16:57+00:00 INFO Generating payment form for order 477. Notify URL: https://mingming.io/wc-api/WC_Gateway_Paypal/
2020-05-12T17:16:57+00:00 INFO PayPal Request Args for order 477: Array
(
    [cmd] => _cart
    [business] => raketa@d2r2.com
    [no_note] => 1
    [currency_code] => USD
    [charset] => utf-8
    [rm] => 2
    [upload] => 1
    [return] => https://mingming.io/checkout-2/order-received/477/?key=wc_order_ZZHJzZbVYCojv&utm_nooverride=1
    [cancel_return] => https://mingming.io/cart-2/?cancel_order=true&order=wc_order_ZZHJzZbVYCojv&order_id=477&redirect&_wpnonce=363a16bfb3
    [page_style] => 
    [image_url] => 
    [paymentaction] => sale
    [invoice] => WC-477
    [custom] => {"order_id":477,"order_key":"wc_order_ZZHJzZbVYCojv"}
    [notify_url] => https://mingming.io/wc-api/WC_Gateway_Paypal/
    [first_name] => ***
    [last_name] => ***
    [address1] => ***
    [address2] => ***
    [city] => ***
    [state] => ***
    [zip] => ***
    [country] => ***
    [email] => ***@***
    [night_phone_a] => ***
    [night_phone_b] => ***
    [no_shipping] => 1
    [tax_cart] => 0.00
    [item_name_1] => Xiang Tai
    [quantity_1] => 1
    [amount_1] => 0.5
    [item_number_1] => 
    [bn] => WooThemes_Cart
)

2020-05-12T17:18:12+00:00 INFO Generating payment form for order 478. Notify URL: https://mingming.io/wc-api/WC_Gateway_Paypal/
2020-05-12T17:18:12+00:00 INFO PayPal Request Args for order 478: Array
(
    [cmd] => _cart
    [business] => raketa@d2r2.com
    [no_note] => 1
    [currency_code] => USD
    [charset] => utf-8
    [rm] => 2
    [upload] => 1
    [return] => https://mingming.io/checkout-2/order-received/478/?key=wc_order_ROFV4JPJyUHAb&utm_nooverride=1
    [cancel_return] => https://mingming.io/cart-2/?cancel_order=true&order=wc_order_ROFV4JPJyUHAb&order_id=478&redirect&_wpnonce=1d227f1528
    [page_style] => 
    [image_url] => 
    [paymentaction] => sale
    [invoice] => WC-478
    [custom] => {"order_id":478,"order_key":"wc_order_ROFV4JPJyUHAb"}
    [notify_url] => https://mingming.io/wc-api/WC_Gateway_Paypal/
    [first_name] => ***
    [last_name] => ***
    [address1] => ***
    [address2] => ***
    [city] => ***
    [state] => ***
    [zip] => ***
    [country] => ***
    [email] => ***@***
    [night_phone_a] => ***
    [night_phone_b] => ***
    [no_shipping] => 1
    [tax_cart] => 0.00
    [item_name_1] => Xiang Tai
    [quantity_1] => 1
    [amount_1] => 0.5
    [item_number_1] => 
    [bn] => WooThemes_Cart
)

2020-05-12T17:26:14+00:00 INFO Generating payment form for order 479. Notify URL: https://mingming.io/wc-api/WC_Gateway_Paypal/
2020-05-12T17:26:14+00:00 INFO PayPal Request Args for order 479: Array
(
    [cmd] => _cart
    [business] => raketa@d2r2.com
    [no_note] => 1
    [currency_code] => USD
    [charset] => utf-8
    [rm] => 2
    [upload] => 1
    [return] => https://mingming.io/checkout-2/order-received/479/?key=wc_order_7mT4CuOVj8c6e&utm_nooverride=1
    [cancel_return] => https://mingming.io/cart-2/?cancel_order=true&order=wc_order_7mT4CuOVj8c6e&order_id=479&redirect&_wpnonce=4405f16d39
    [page_style] => 
    [image_url] => 
    [paymentaction] => sale
    [invoice] => WC-479
    [custom] => {"order_id":479,"order_key":"wc_order_7mT4CuOVj8c6e"}
    [notify_url] => https://mingming.io/wc-api/WC_Gateway_Paypal/
    [first_name] => ***
    [last_name] => ***
    [address1] => ***
    [address2] => ***
    [city] => ***
    [state] => ***
    [zip] => ***
    [country] => ***
    [email] => ***@***
    [night_phone_a] => ***
    [night_phone_b] => ***
    [no_shipping] => 1
    [tax_cart] => 0.00
    [item_name_1] => Xiang Tai
    [quantity_1] => 1
    [amount_1] => 0.5
    [item_number_1] => 
    [bn] => WooThemes_Cart
)

2020-05-12T17:33:45+00:00 INFO Generating payment form for order 478. Notify URL: https://mingming.io/wc-api/WC_Gateway_Paypal/
2020-05-12T17:33:45+00:00 INFO PayPal Request Args for order 478: Array
(
    [cmd] => _cart
    [business] => raketa@d2r2.com
    [no_note] => 1
    [currency_code] => USD
    [charset] => utf-8
    [rm] => 2
    [upload] => 1
    [return] => https://mingming.io/checkout-2/order-received/478/?key=wc_order_ROFV4JPJyUHAb&utm_nooverride=1
    [cancel_return] => https://mingming.io/cart-2/?cancel_order=true&order=wc_order_ROFV4JPJyUHAb&order_id=478&redirect&_wpnonce=1d227f1528
    [page_style] => 
    [image_url] => 
    [paymentaction] => sale
    [invoice] => WC-478
    [custom] => {"order_id":478,"order_key":"wc_order_ROFV4JPJyUHAb"}
    [notify_url] => https://mingming.io/wc-api/WC_Gateway_Paypal/
    [first_name] => ***
    [last_name] => ***
    [address1] => ***
    [address2] => ***
    [city] => ***
    [state] => ***
    [zip] => ***
    [country] => ***
    [email] => ***@***
    [night_phone_a] => ***
    [night_phone_b] => ***
    [no_shipping] => 1
    [tax_cart] => 0.00
    [item_name_1] => Xiang Tai
    [quantity_1] => 1
    [amount_1] => 0.5
    [item_number_1] => 
    [bn] => WooThemes_Cart
)

2020-05-12T17:37:37+00:00 INFO Generating payment form for order 478. Notify URL: https://mingming.io/wc-api/WC_Gateway_Paypal/
2020-05-12T17:37:37+00:00 INFO PayPal Request Args for order 478: Array
(
    [cmd] => _cart
    [business] => raketa@d2r2.com
    [no_note] => 1
    [currency_code] => USD
    [charset] => utf-8
    [rm] => 2
    [upload] => 1
    [return] => https://mingming.io/checkout-2/order-received/478/?key=wc_order_ROFV4JPJyUHAb&utm_nooverride=1
    [cancel_return] => https://mingming.io/cart-2/?cancel_order=true&order=wc_order_ROFV4JPJyUHAb&order_id=478&redirect&_wpnonce=1d227f1528
    [page_style] => 
    [image_url] => 
    [paymentaction] => sale
    [invoice] => WC-478
    [custom] => {"order_id":478,"order_key":"wc_order_ROFV4JPJyUHAb"}
    [notify_url] => https://mingming.io/wc-api/WC_Gateway_Paypal/
    [first_name] => ***
    [last_name] => ***
    [address1] => ***
    [address2] => ***
    [city] => ***
    [state] => ***
    [zip] => ***
    [country] => ***
    [email] => ***@***
    [night_phone_a] => ***
    [night_phone_b] => ***
    [no_shipping] => 1
    [tax_cart] => 0.00
    [item_name_1] => Xiang Tai
    [quantity_1] => 1
    [amount_1] => 0.5
    [item_number_1] => 
    [bn] => WooThemes_Cart
)

2020-05-12T17:40:59+00:00 INFO Generating payment form for order 478. Notify URL: https://mingming.io/wc-api/WC_Gateway_Paypal/
2020-05-12T17:40:59+00:00 INFO PayPal Request Args for order 478: Array
(
    [cmd] => _cart
    [business] => raketa@d2r2.com
    [no_note] => 1
    [currency_code] => USD
    [charset] => utf-8
    [rm] => 2
    [upload] => 1
    [return] => https://mingming.io/checkout-2/order-received/478/?key=wc_order_ROFV4JPJyUHAb&utm_nooverride=1
    [cancel_return] => https://mingming.io/cart-2/?cancel_order=true&order=wc_order_ROFV4JPJyUHAb&order_id=478&redirect&_wpnonce=1d227f1528
    [page_style] => 
    [image_url] => 
    [paymentaction] => sale
    [invoice] => WC-478
    [custom] => {"order_id":478,"order_key":"wc_order_ROFV4JPJyUHAb"}
    [notify_url] => https://mingming.io/wc-api/WC_Gateway_Paypal/
    [first_name] => ***
    [last_name] => ***
    [address1] => ***
    [address2] => ***
    [city] => ***
    [state] => ***
    [zip] => ***
    [country] => ***
    [email] => ***@***
    [night_phone_a] => ***
    [night_phone_b] => ***
    [no_shipping] => 1
    [tax_cart] => 0.00
    [item_name_1] => Xiang Tai
    [quantity_1] => 1
    [amount_1] => 0.5
    [item_number_1] => 
    [bn] => WooThemes_Cart
)

2020-05-12T17:50:48+00:00 INFO Generating payment form for order 481. Notify URL: https://mingming.io/wc-api/WC_Gateway_Paypal/
2020-05-12T17:50:48+00:00 INFO PayPal Request Args for order 481: Array
(
    [cmd] => _cart
    [business] => raketa@d2r2.com
    [no_note] => 1
    [currency_code] => USD
    [charset] => utf-8
    [rm] => 2
    [upload] => 1
    [return] => https://mingming.io/checkout-2/order-received/481/?key=wc_order_H2D4RLxD4bPTO&utm_nooverride=1
    [cancel_return] => https://mingming.io/cart-2/?cancel_order=true&order=wc_order_H2D4RLxD4bPTO&order_id=481&redirect&_wpnonce=dac9a933c9
    [page_style] => 
    [image_url] => 
    [paymentaction] => sale
    [invoice] => WC-481
    [custom] => {"order_id":481,"order_key":"wc_order_H2D4RLxD4bPTO"}
    [notify_url] => https://mingming.io/wc-api/WC_Gateway_Paypal/
    [first_name] => ***
    [last_name] => ***
    [address1] => ***
    [address2] => ***
    [city] => ***
    [state] => ***
    [zip] => ***
    [country] => ***
    [email] => ***@***
    [night_phone_a] => ***
    [night_phone_b] => ***
    [no_shipping] => 1
    [tax_cart] => 0.00
    [item_name_1] => Xiang Tai
    [quantity_1] => 1
    [amount_1] => 0.5
    [item_number_1] => 
    [bn] => WooThemes_Cart
)

