05-06-2020 @ 01:12:41 - WC_Gateway_PPEC_Client::_request: remote request to https://api-3t.paypal.com/nvp with params: Array
(
    [LOGOIMG] => 
    [HDRIMG] => 
    [PAGESTYLE] => 
    [BRANDNAME] => mingming.io
    [RETURNURL] => https://mingming.io/checkout-2/?woo-paypal-return=true
    [CANCELURL] => https://mingming.io/cart-2/?woo-paypal-cancel=true
    [ADDROVERRIDE] => 1
    [LANDINGPAGE] => Login
    [SOLUTIONTYPE] => Sole
    [PAYMENTREQUEST_0_PAYMENTACTION] => sale
    [PAYMENTREQUEST_0_INSURANCEAMT] => 0
    [PAYMENTREQUEST_0_HANDLINGAMT] => 0
    [PAYMENTREQUEST_0_CUSTOM] => 
    [PAYMENTREQUEST_0_INVNUM] => 
    [PAYMENTREQUEST_0_CURRENCYCODE] => USD
    [PAYMENTREQUEST_0_AMT] => 33
    [PAYMENTREQUEST_0_ITEMAMT] => 33
    [PAYMENTREQUEST_0_SHIPPINGAMT] => 0
    [PAYMENTREQUEST_0_TAXAMT] => 0
    [PAYMENTREQUEST_0_SHIPDISCAMT] => 0
    [NOSHIPPING] => 1
    [EMAIL] => korshunoved@gmail.com
    [PAYMENTREQUEST_0_SHIPTONAME] =>  
    [PAYMENTREQUEST_0_SHIPTOSTREET] => 
    [PAYMENTREQUEST_0_SHIPTOSTREET2] => 
    [PAYMENTREQUEST_0_SHIPTOCITY] => 
    [PAYMENTREQUEST_0_SHIPTOSTATE] => 
    [PAYMENTREQUEST_0_SHIPTOZIP] => 
    [PAYMENTREQUEST_0_SHIPTOCOUNTRYCODE] => 
    [PAYMENTREQUEST_0_SHIPTOPHONENUM] => 9139062856
    [L_PAYMENTREQUEST_0_NAME0] => Jay Chou
    [L_PAYMENTREQUEST_0_DESC0] => Jay Chou is a famous Taiwanese singer. He is the most successful and influential Chinese singer since 2000. His songs inventive
    [L_PAYMENTREQUEST_0_QTY0] => 1
    [L_PAYMENTREQUEST_0_AMT0] => 33
    [METHOD] => SetExpressCheckout
    [VERSION] => 120.0
    [USER] => 
    [PWD] => 
    [SUBJECT] => raketa@d2r2.com
    [SIGNATURE] => 
)

05-06-2020 @ 01:12:42 - WC_Gateway_PPEC_Client::_process_response: acknowleged response body: Array
(
    [TOKEN] => EC-35R24319R5056643U
    [TIMESTAMP] => 2020-05-05T22:12:42Z
    [CORRELATIONID] => 1066083fc5a8d
    [ACK] => Success
    [VERSION] => 120.0
    [BUILD] => 54522412
)

05-06-2020 @ 01:13:07 - WC_Gateway_PPEC_Client::_request: remote request to https://api-3t.paypal.com/nvp with params: Array
(
    [LOGOIMG] => 
    [HDRIMG] => 
    [PAGESTYLE] => 
    [BRANDNAME] => mingming.io
    [RETURNURL] => https://mingming.io/checkout-2/?woo-paypal-return=true
    [CANCELURL] => https://mingming.io/cart-2/?woo-paypal-cancel=true
    [ADDROVERRIDE] => 1
    [LANDINGPAGE] => Login
    [SOLUTIONTYPE] => Sole
    [PAYMENTREQUEST_0_PAYMENTACTION] => sale
    [PAYMENTREQUEST_0_INSURANCEAMT] => 0
    [PAYMENTREQUEST_0_HANDLINGAMT] => 0
    [PAYMENTREQUEST_0_CUSTOM] => 
    [PAYMENTREQUEST_0_INVNUM] => 
    [PAYMENTREQUEST_0_CURRENCYCODE] => USD
    [PAYMENTREQUEST_0_AMT] => 33
    [PAYMENTREQUEST_0_ITEMAMT] => 33
    [PAYMENTREQUEST_0_SHIPPINGAMT] => 0
    [PAYMENTREQUEST_0_TAXAMT] => 0
    [PAYMENTREQUEST_0_SHIPDISCAMT] => 0
    [NOSHIPPING] => 1
    [EMAIL] => korshunoved@gmail.com
    [PAYMENTREQUEST_0_SHIPTONAME] =>  
    [PAYMENTREQUEST_0_SHIPTOSTREET] => 
    [PAYMENTREQUEST_0_SHIPTOSTREET2] => 
    [PAYMENTREQUEST_0_SHIPTOCITY] => 
    [PAYMENTREQUEST_0_SHIPTOSTATE] => 
    [PAYMENTREQUEST_0_SHIPTOZIP] => 
    [PAYMENTREQUEST_0_SHIPTOCOUNTRYCODE] => 
    [PAYMENTREQUEST_0_SHIPTOPHONENUM] => 9139062856
    [L_PAYMENTREQUEST_0_NAME0] => Jay Chou
    [L_PAYMENTREQUEST_0_DESC0] => Jay Chou is a famous Taiwanese singer. He is the most successful and influential Chinese singer since 2000. His songs inventive
    [L_PAYMENTREQUEST_0_QTY0] => 1
    [L_PAYMENTREQUEST_0_AMT0] => 33
    [METHOD] => SetExpressCheckout
    [VERSION] => 120.0
    [USER] => 
    [PWD] => 
    [SUBJECT] => raketa@d2r2.com
    [SIGNATURE] => 
)

05-06-2020 @ 01:13:08 - WC_Gateway_PPEC_Client::_process_response: acknowleged response body: Array
(
    [TOKEN] => EC-3JN199999X848080P
    [TIMESTAMP] => 2020-05-05T22:13:08Z
    [CORRELATIONID] => 8896aea018621
    [ACK] => Success
    [VERSION] => 120.0
    [BUILD] => 54522412
)

05-06-2020 @ 01:14:31 - WC_Gateway_PPEC_Client::_request: remote request to https://api-3t.paypal.com/nvp with params: Array
(
    [LOGOIMG] => 
    [HDRIMG] => 
    [PAGESTYLE] => 
    [BRANDNAME] => mingming.io
    [RETURNURL] => https://mingming.io/checkout-2/?woo-paypal-return=true
    [CANCELURL] => https://mingming.io/cart-2/?woo-paypal-cancel=true
    [ADDROVERRIDE] => 1
    [LANDINGPAGE] => Login
    [SOLUTIONTYPE] => Sole
    [PAYMENTREQUEST_0_PAYMENTACTION] => sale
    [PAYMENTREQUEST_0_INSURANCEAMT] => 0
    [PAYMENTREQUEST_0_HANDLINGAMT] => 0
    [PAYMENTREQUEST_0_CUSTOM] => 
    [PAYMENTREQUEST_0_INVNUM] => 
    [PAYMENTREQUEST_0_CURRENCYCODE] => USD
    [PAYMENTREQUEST_0_AMT] => 33
    [PAYMENTREQUEST_0_ITEMAMT] => 33
    [PAYMENTREQUEST_0_SHIPPINGAMT] => 0
    [PAYMENTREQUEST_0_TAXAMT] => 0
    [PAYMENTREQUEST_0_SHIPDISCAMT] => 0
    [NOSHIPPING] => 1
    [EMAIL] => korshunoved@gmail.com
    [PAYMENTREQUEST_0_SHIPTONAME] =>  
    [PAYMENTREQUEST_0_SHIPTOSTREET] => 
    [PAYMENTREQUEST_0_SHIPTOSTREET2] => 
    [PAYMENTREQUEST_0_SHIPTOCITY] => 
    [PAYMENTREQUEST_0_SHIPTOSTATE] => 
    [PAYMENTREQUEST_0_SHIPTOZIP] => 
    [PAYMENTREQUEST_0_SHIPTOCOUNTRYCODE] => HK
    [PAYMENTREQUEST_0_SHIPTOPHONENUM] => 9139062856
    [L_PAYMENTREQUEST_0_NAME0] => Jay Chou
    [L_PAYMENTREQUEST_0_DESC0] => 
    [L_PAYMENTREQUEST_0_QTY0] => 1
    [L_PAYMENTREQUEST_0_AMT0] => 33
    [METHOD] => SetExpressCheckout
    [VERSION] => 120.0
    [USER] => 
    [PWD] => 
    [SUBJECT] => raketa@d2r2.com
    [SIGNATURE] => 
)

05-06-2020 @ 01:14:32 - WC_Gateway_PPEC_Client::_process_response: acknowleged response body: Array
(
    [TOKEN] => EC-4H355522FU5840749
    [TIMESTAMP] => 2020-05-05T22:14:32Z
    [CORRELATIONID] => 6cb0e97d00773
    [ACK] => Success
    [VERSION] => 120.0
    [BUILD] => 54522412
)

