05-06-2020 @ 11:16:25 - WC_Gateway_PPEC_Client::_request: remote request to https://api-3t.paypal.com/nvp with params: Array
(
    [LOGOIMG] => 
    [HDRIMG] => 
    [PAGESTYLE] => 
    [BRANDNAME] => mingming.io
    [RETURNURL] => https://mingming.io/checkout-2/?woo-paypal-return=true
    [CANCELURL] => https://mingming.io/cart-2/?woo-paypal-cancel=true
    [LANDINGPAGE] => Login
    [SOLUTIONTYPE] => Sole
    [PAYMENTREQUEST_0_PAYMENTACTION] => sale
    [PAYMENTREQUEST_0_INSURANCEAMT] => 0
    [PAYMENTREQUEST_0_HANDLINGAMT] => 0
    [PAYMENTREQUEST_0_CUSTOM] => 
    [PAYMENTREQUEST_0_INVNUM] => 
    [PAYMENTREQUEST_0_CURRENCYCODE] => USD
    [PAYMENTREQUEST_0_AMT] => 44
    [PAYMENTREQUEST_0_ITEMAMT] => 44
    [PAYMENTREQUEST_0_SHIPPINGAMT] => 0
    [PAYMENTREQUEST_0_TAXAMT] => 0
    [PAYMENTREQUEST_0_SHIPDISCAMT] => 0
    [NOSHIPPING] => 1
    [PAYMENTREQUEST_0_SHIPTONAME] =>  
    [PAYMENTREQUEST_0_SHIPTOSTREET] => 
    [PAYMENTREQUEST_0_SHIPTOSTREET2] => 
    [PAYMENTREQUEST_0_SHIPTOCITY] => 
    [PAYMENTREQUEST_0_SHIPTOSTATE] => HONG KONG
    [PAYMENTREQUEST_0_SHIPTOZIP] => 
    [PAYMENTREQUEST_0_SHIPTOCOUNTRYCODE] => HK
    [PAYMENTREQUEST_0_SHIPTOPHONENUM] => 
    [L_PAYMENTREQUEST_0_NAME0] => Dima Raketa
    [L_PAYMENTREQUEST_0_DESC0] => its television producer, actress and pop singer, is one of China's biggest stars. She starred in films such as “My Fair Princ
    [L_PAYMENTREQUEST_0_QTY0] => 1
    [L_PAYMENTREQUEST_0_AMT0] => 44
    [METHOD] => SetExpressCheckout
    [VERSION] => 120.0
    [USER] => 
    [PWD] => 
    [SUBJECT] => raketa@d2r2.com
    [SIGNATURE] => 
)

05-06-2020 @ 11:16:26 - WC_Gateway_PPEC_Client::_process_response: acknowleged response body: Array
(
    [TOKEN] => EC-6BG35891UN696863F
    [TIMESTAMP] => 2020-05-06T08:16:26Z
    [CORRELATIONID] => 59e2ffd243c9c
    [ACK] => Success
    [VERSION] => 120.0
    [BUILD] => 54522412
)

05-06-2020 @ 13:20:02 - WC_Gateway_PPEC_Client::_request: remote request to https://api-3t.paypal.com/nvp with params: Array
(
    [LOGOIMG] => 
    [HDRIMG] => 
    [PAGESTYLE] => 
    [BRANDNAME] => mingming.io
    [RETURNURL] => https://mingming.io/checkout-2/?woo-paypal-return=true
    [CANCELURL] => https://mingming.io/cart-2/?woo-paypal-cancel=true
    [LANDINGPAGE] => Login
    [SOLUTIONTYPE] => Sole
    [PAYMENTREQUEST_0_PAYMENTACTION] => sale
    [PAYMENTREQUEST_0_INSURANCEAMT] => 0
    [PAYMENTREQUEST_0_HANDLINGAMT] => 0
    [PAYMENTREQUEST_0_CUSTOM] => 
    [PAYMENTREQUEST_0_INVNUM] => 
    [PAYMENTREQUEST_0_CURRENCYCODE] => USD
    [PAYMENTREQUEST_0_AMT] => 33
    [PAYMENTREQUEST_0_ITEMAMT] => 33
    [PAYMENTREQUEST_0_SHIPPINGAMT] => 0
    [PAYMENTREQUEST_0_TAXAMT] => 0
    [PAYMENTREQUEST_0_SHIPDISCAMT] => 0
    [NOSHIPPING] => 1
    [EMAIL] => korshunoved@gmail.com
    [PAYMENTREQUEST_0_SHIPTONAME] => Евгений Коршунов
    [PAYMENTREQUEST_0_SHIPTOSTREET] => Терешковой ул
    [PAYMENTREQUEST_0_SHIPTOSTREET2] => 446254
    [PAYMENTREQUEST_0_SHIPTOCITY] => Новосибирск г
    [PAYMENTREQUEST_0_SHIPTOSTATE] => Укажите регион
    [PAYMENTREQUEST_0_SHIPTOZIP] => 630090
    [PAYMENTREQUEST_0_SHIPTOCOUNTRYCODE] => RU
    [PAYMENTREQUEST_0_SHIPTOPHONENUM] => 9139062856
    [L_PAYMENTREQUEST_0_NAME0] => Jay Chou
    [L_PAYMENTREQUEST_0_DESC0] => Jay Chou is a famous Taiwanese singer. He is the most successful and influential Chinese singer since 2000. His songs inventive
    [L_PAYMENTREQUEST_0_QTY0] => 1
    [L_PAYMENTREQUEST_0_AMT0] => 33
    [METHOD] => SetExpressCheckout
    [VERSION] => 120.0
    [USER] => 
    [PWD] => 
    [SUBJECT] => raketa@d2r2.com
    [SIGNATURE] => 
)

05-06-2020 @ 13:20:04 - WC_Gateway_PPEC_Client::_process_response: acknowleged response body: Array
(
    [TOKEN] => EC-9JR021219J185920U
    [TIMESTAMP] => 2020-05-06T10:20:04Z
    [CORRELATIONID] => 61a0f248cd862
    [ACK] => Success
    [VERSION] => 120.0
    [BUILD] => 54522412
)

05-06-2020 @ 19:46:39 - WC_Gateway_PPEC_Client::_request: remote request to https://api-3t.paypal.com/nvp with params: Array
(
    [LOGOIMG] => 
    [HDRIMG] => 
    [PAGESTYLE] => 
    [BRANDNAME] => mingming.io
    [RETURNURL] => https://mingming.io/checkout-2/?woo-paypal-return=true
    [CANCELURL] => https://mingming.io/cart-2/?woo-paypal-cancel=true
    [LANDINGPAGE] => Login
    [SOLUTIONTYPE] => Sole
    [PAYMENTREQUEST_0_PAYMENTACTION] => sale
    [PAYMENTREQUEST_0_INSURANCEAMT] => 0
    [PAYMENTREQUEST_0_HANDLINGAMT] => 0
    [PAYMENTREQUEST_0_CUSTOM] => 
    [PAYMENTREQUEST_0_INVNUM] => 
    [PAYMENTREQUEST_0_CURRENCYCODE] => USD
    [PAYMENTREQUEST_0_AMT] => 33
    [PAYMENTREQUEST_0_ITEMAMT] => 33
    [PAYMENTREQUEST_0_SHIPPINGAMT] => 0
    [PAYMENTREQUEST_0_TAXAMT] => 0
    [PAYMENTREQUEST_0_SHIPDISCAMT] => 0
    [NOSHIPPING] => 1
    [PAYMENTREQUEST_0_SHIPTONAME] =>  
    [PAYMENTREQUEST_0_SHIPTOSTREET] => 
    [PAYMENTREQUEST_0_SHIPTOSTREET2] => 
    [PAYMENTREQUEST_0_SHIPTOCITY] => 
    [PAYMENTREQUEST_0_SHIPTOSTATE] => HONG KONG
    [PAYMENTREQUEST_0_SHIPTOZIP] => 
    [PAYMENTREQUEST_0_SHIPTOCOUNTRYCODE] => HK
    [PAYMENTREQUEST_0_SHIPTOPHONENUM] => 
    [L_PAYMENTREQUEST_0_NAME0] => Jay Chou
    [L_PAYMENTREQUEST_0_DESC0] => Jay Chou is a famous Taiwanese singer. He is the most successful and influential Chinese singer since 2000. His songs inventive
    [L_PAYMENTREQUEST_0_QTY0] => 1
    [L_PAYMENTREQUEST_0_AMT0] => 33
    [METHOD] => SetExpressCheckout
    [VERSION] => 120.0
    [USER] => 
    [PWD] => 
    [SUBJECT] => raketa@d2r2.com
    [SIGNATURE] => 
)

05-06-2020 @ 19:46:41 - WC_Gateway_PPEC_Client::_process_response: acknowleged response body: Array
(
    [TOKEN] => EC-3TJ03079LW6730409
    [TIMESTAMP] => 2020-05-06T16:46:41Z
    [CORRELATIONID] => a422df8908ec4
    [ACK] => Success
    [VERSION] => 120.0
    [BUILD] => 54522412
)

05-06-2020 @ 19:46:48 - WC_Gateway_PPEC_Client::_request: remote request to https://api-3t.paypal.com/nvp with params: Array
(
    [LOGOIMG] => 
    [HDRIMG] => 
    [PAGESTYLE] => 
    [BRANDNAME] => mingming.io
    [RETURNURL] => https://mingming.io/checkout-2/?woo-paypal-return=true
    [CANCELURL] => https://mingming.io/cart-2/?woo-paypal-cancel=true
    [LANDINGPAGE] => Login
    [SOLUTIONTYPE] => Sole
    [PAYMENTREQUEST_0_PAYMENTACTION] => sale
    [PAYMENTREQUEST_0_INSURANCEAMT] => 0
    [PAYMENTREQUEST_0_HANDLINGAMT] => 0
    [PAYMENTREQUEST_0_CUSTOM] => 
    [PAYMENTREQUEST_0_INVNUM] => 
    [PAYMENTREQUEST_0_CURRENCYCODE] => USD
    [PAYMENTREQUEST_0_AMT] => 33
    [PAYMENTREQUEST_0_ITEMAMT] => 33
    [PAYMENTREQUEST_0_SHIPPINGAMT] => 0
    [PAYMENTREQUEST_0_TAXAMT] => 0
    [PAYMENTREQUEST_0_SHIPDISCAMT] => 0
    [NOSHIPPING] => 1
    [PAYMENTREQUEST_0_SHIPTONAME] =>  
    [PAYMENTREQUEST_0_SHIPTOSTREET] => 
    [PAYMENTREQUEST_0_SHIPTOSTREET2] => 
    [PAYMENTREQUEST_0_SHIPTOCITY] => 
    [PAYMENTREQUEST_0_SHIPTOSTATE] => HONG KONG
    [PAYMENTREQUEST_0_SHIPTOZIP] => 
    [PAYMENTREQUEST_0_SHIPTOCOUNTRYCODE] => HK
    [PAYMENTREQUEST_0_SHIPTOPHONENUM] => 
    [L_PAYMENTREQUEST_0_NAME0] => Hu Ge
    [L_PAYMENTREQUEST_0_DESC0] => Hu Ge got his break in showbiz as a part-time host of an education channel on local Shanghai television and appeared in commerc
    [L_PAYMENTREQUEST_0_QTY0] => 1
    [L_PAYMENTREQUEST_0_AMT0] => 33
    [METHOD] => SetExpressCheckout
    [VERSION] => 120.0
    [USER] => 
    [PWD] => 
    [SUBJECT] => raketa@d2r2.com
    [SIGNATURE] => 
)

05-06-2020 @ 19:46:48 - WC_Gateway_PPEC_Client::_process_response: acknowleged response body: Array
(
    [TOKEN] => EC-7TW91611SK887201H
    [TIMESTAMP] => 2020-05-06T16:46:48Z
    [CORRELATIONID] => d05f5cc0a81bd
    [ACK] => Success
    [VERSION] => 120.0
    [BUILD] => 54522412
)

05-06-2020 @ 20:17:41 - WC_Gateway_PPEC_Client::_request: remote request to https://api-3t.paypal.com/nvp with params: Array
(
    [LOGOIMG] => 
    [HDRIMG] => 
    [PAGESTYLE] => 
    [BRANDNAME] => mingming.io
    [RETURNURL] => https://mingming.io/checkout-2/?woo-paypal-return=true
    [CANCELURL] => https://mingming.io/cart-2/?woo-paypal-cancel=true
    [ADDROVERRIDE] => 1
    [LANDINGPAGE] => Login
    [SOLUTIONTYPE] => Sole
    [PAYMENTREQUEST_0_PAYMENTACTION] => sale
    [PAYMENTREQUEST_0_INSURANCEAMT] => 0
    [PAYMENTREQUEST_0_HANDLINGAMT] => 0
    [PAYMENTREQUEST_0_CUSTOM] => 
    [PAYMENTREQUEST_0_INVNUM] => 
    [PAYMENTREQUEST_0_CURRENCYCODE] => USD
    [PAYMENTREQUEST_0_AMT] => 66
    [PAYMENTREQUEST_0_ITEMAMT] => 66
    [PAYMENTREQUEST_0_SHIPPINGAMT] => 0
    [PAYMENTREQUEST_0_TAXAMT] => 0
    [PAYMENTREQUEST_0_SHIPDISCAMT] => 0
    [NOSHIPPING] => 1
    [EMAIL] => korshunoved@gmail.com
    [PAYMENTREQUEST_0_SHIPTONAME] =>  
    [PAYMENTREQUEST_0_SHIPTOSTREET] => 
    [PAYMENTREQUEST_0_SHIPTOSTREET2] => 
    [PAYMENTREQUEST_0_SHIPTOCITY] => 
    [PAYMENTREQUEST_0_SHIPTOSTATE] => 
    [PAYMENTREQUEST_0_SHIPTOZIP] => 
    [PAYMENTREQUEST_0_SHIPTOCOUNTRYCODE] => HK
    [PAYMENTREQUEST_0_SHIPTOPHONENUM] => 9139062856
    [L_PAYMENTREQUEST_0_NAME0] => Andie Lay
    [L_PAYMENTREQUEST_0_DESC0] => 
    [L_PAYMENTREQUEST_0_QTY0] => 1
    [L_PAYMENTREQUEST_0_AMT0] => 66
    [METHOD] => SetExpressCheckout
    [VERSION] => 120.0
    [USER] => 
    [PWD] => 
    [SUBJECT] => raketa@d2r2.com
    [SIGNATURE] => 
)

05-06-2020 @ 20:17:42 - WC_Gateway_PPEC_Client::_process_response: acknowleged response body: Array
(
    [TOKEN] => EC-698254638K246500F
    [TIMESTAMP] => 2020-05-06T17:17:42Z
    [CORRELATIONID] => a82b891ada9c5
    [ACK] => Success
    [VERSION] => 120.0
    [BUILD] => 54522412
)

05-06-2020 @ 20:24:09 - WC_Gateway_PPEC_Client::_request: remote request to https://api-3t.sandbox.paypal.com/nvp with params: Array
(
    [LOGOIMG] => 
    [HDRIMG] => 
    [PAGESTYLE] => 
    [BRANDNAME] => mingming.io
    [RETURNURL] => https://mingming.io/checkout-2/?woo-paypal-return=true
    [CANCELURL] => https://mingming.io/cart-2/?woo-paypal-cancel=true
    [ADDROVERRIDE] => 1
    [LANDINGPAGE] => Login
    [SOLUTIONTYPE] => Sole
    [PAYMENTREQUEST_0_PAYMENTACTION] => sale
    [PAYMENTREQUEST_0_INSURANCEAMT] => 0
    [PAYMENTREQUEST_0_HANDLINGAMT] => 0
    [PAYMENTREQUEST_0_CUSTOM] => 
    [PAYMENTREQUEST_0_INVNUM] => 
    [PAYMENTREQUEST_0_CURRENCYCODE] => USD
    [PAYMENTREQUEST_0_AMT] => 66
    [PAYMENTREQUEST_0_ITEMAMT] => 66
    [PAYMENTREQUEST_0_SHIPPINGAMT] => 0
    [PAYMENTREQUEST_0_TAXAMT] => 0
    [PAYMENTREQUEST_0_SHIPDISCAMT] => 0
    [NOSHIPPING] => 1
    [EMAIL] => korshunoved@gmail.com
    [PAYMENTREQUEST_0_SHIPTONAME] =>  
    [PAYMENTREQUEST_0_SHIPTOSTREET] => 
    [PAYMENTREQUEST_0_SHIPTOSTREET2] => 
    [PAYMENTREQUEST_0_SHIPTOCITY] => 
    [PAYMENTREQUEST_0_SHIPTOSTATE] => 
    [PAYMENTREQUEST_0_SHIPTOZIP] => 
    [PAYMENTREQUEST_0_SHIPTOCOUNTRYCODE] => HK
    [PAYMENTREQUEST_0_SHIPTOPHONENUM] => 768787685
    [L_PAYMENTREQUEST_0_NAME0] => Andie Lay
    [L_PAYMENTREQUEST_0_DESC0] => 
    [L_PAYMENTREQUEST_0_QTY0] => 1
    [L_PAYMENTREQUEST_0_AMT0] => 66
    [METHOD] => SetExpressCheckout
    [VERSION] => 120.0
    [USER] => 
    [PWD] => 
    [SUBJECT] => korshunoved@gmail.com
    [SIGNATURE] => 
)

05-06-2020 @ 20:24:11 - WC_Gateway_PPEC_Client::_process_response: acknowleged response body: Array
(
    [TOKEN] => EC-2D4657512U510890X
    [TIMESTAMP] => 2020-05-06T17:24:11Z
    [CORRELATIONID] => c4f564762221a
    [ACK] => Success
    [VERSION] => 120.0
    [BUILD] => 54522412
)

05-06-2020 @ 21:43:56 - WC_Gateway_PPEC_Client::_request: remote request to https://api-3t.sandbox.paypal.com/nvp with params: Array
(
    [TRANSACTIONID] => 
    [METHOD] => GetTransactionDetails
    [VERSION] => 120.0
    [USER] => 
    [PWD] => 
    [SUBJECT] => korshunoved@gmail.com
    [SIGNATURE] => 
)

05-06-2020 @ 21:43:57 - WC_Gateway_PPEC_Client::_process_response: acknowleged response body: Array
(
    [TIMESTAMP] => 2020-05-06T18:43:57Z
    [CORRELATIONID] => 2fb6cb4333d17
    [ACK] => Failure
    [VERSION] => 120.0
    [BUILD] => 53802284
    [L_ERRORCODE0] => 10002
    [L_SHORTMESSAGE0] => Authentication/Authorization Failed
    [L_LONGMESSAGE0] => You do not have permissions to make this API call
    [L_SEVERITYCODE0] => Error
)

