2020-08-30T00:37:33+00:00 DEBUG 
====Stripe Version: 4.3.3====
====Start Log====
Stripe Payment Request live mode requires SSL.
====End Log====


2020-08-30T00:37:35+00:00 DEBUG 
====Stripe Version: 4.3.3====
====Start Log====
Stripe Payment Request live mode requires SSL.
====End Log====


2020-08-30T00:37:39+00:00 DEBUG 
====Stripe Version: 4.3.3====
====Start Log====
Stripe Payment Request live mode requires SSL.
====End Log====


2020-08-30T00:37:43+00:00 DEBUG 
====Stripe Version: 4.3.3====
====Start Log====
Stripe Payment Request live mode requires SSL.
====End Log====


2020-08-30T00:37:46+00:00 DEBUG 
====Stripe Version: 4.3.3====
====Start Log====
Stripe Payment Request live mode requires SSL.
====End Log====


2020-08-30T12:53:11+00:00 DEBUG 
====Stripe Version: 4.3.3====
====Start Log====
Stripe Payment Request live mode requires SSL.
====End Log====


2020-08-30T12:53:11+00:00 DEBUG 
====Stripe Version: 4.3.3====
====Start Log====
Stripe Payment Request live mode requires SSL.
====End Log====


2020-08-30T12:53:11+00:00 DEBUG 
====Stripe Version: 4.3.3====
====Start Log====
Stripe Payment Request live mode requires SSL.
====End Log====


2020-08-30T12:53:11+00:00 DEBUG 
====Stripe Version: 4.3.3====
====Start Log====
Stripe Payment Request live mode requires SSL.
====End Log====


2020-08-30T12:53:11+00:00 DEBUG 
====Stripe Version: 4.3.3====
====Start Log====
Stripe Payment Request live mode requires SSL.
====End Log====


2020-08-30T12:53:12+00:00 DEBUG 
====Stripe Version: 4.3.3====
====Start Log====
Stripe Payment Request live mode requires SSL.
====End Log====


2020-08-30T12:53:12+00:00 DEBUG 
====Stripe Version: 4.3.3====
====Start Log====
Stripe Payment Request live mode requires SSL.
====End Log====


2020-08-30T12:53:13+00:00 DEBUG 
====Stripe Version: 4.3.3====
====Start Log====
Stripe Payment Request live mode requires SSL.
====End Log====


2020-08-30T12:53:13+00:00 DEBUG 
====Stripe Version: 4.3.3====
====Start Log====
Stripe Payment Request live mode requires SSL.
====End Log====


