2020-05-12T16:38:23+00:00 DEBUG 
====Stripe Version: 4.3.2====
====Start Log====
sources/src_1Gi17ZErcDB2LdSEF6o6DBxE
====End Log====


2020-05-12T16:38:23+00:00 DEBUG 
====Stripe Version: 4.3.2====
====Start Log====
customers/cus_HGY848RuetARIo request: Array
(
    [email] => rd@reputation.house
    [description] => Name: Ming ming , Username: Ming ming
    [metadata] => Array
        (
        )

)

====End Log====


2020-05-12T16:38:24+00:00 DEBUG 
====Stripe Version: 4.3.2====
====Start Log====
Info: Begin processing payment for order 477 for the amount of 0.50
====End Log====


2020-05-12T16:38:24+00:00 DEBUG 
====Stripe Version: 4.3.2====
====Start Log====
payment_intents request: Array
(
    [source] => src_1Gi17ZErcDB2LdSEF6o6DBxE
    [amount] => 50
    [currency] => usd
    [description] => Ming Ming LTD - Order 477
    [metadata] => Array
        (
            [customer_name] =>  
            [customer_email] => korshunoved@gmail.com
            [order_id] => 477
        )

    [capture_method] => automatic
    [payment_method_types] => Array
        (
            [0] => card
        )

    [customer] => cus_HGY848RuetARIo
)

====End Log====


2020-05-12T16:38:25+00:00 DEBUG 
====Stripe Version: 4.3.2====
====Start Log====
sources/src_1Gi17ZErcDB2LdSEF6o6DBxE
====End Log====


2020-05-12T16:38:25+00:00 DEBUG 
====Stripe Version: 4.3.2====
====Start Log====
customers/cus_HGY848RuetARIo request: Array
(
    [email] => rd@reputation.house
    [description] => Name: Ming ming , Username: Ming ming
    [metadata] => Array
        (
        )

)

====End Log====


2020-05-12T16:38:26+00:00 DEBUG 
====Stripe Version: 4.3.2====
====Start Log====
Info: Begin processing payment for order 477 for the amount of 0.50
====End Log====


2020-05-12T16:38:26+00:00 DEBUG 
====Stripe Version: 4.3.2====
====Start Log====
payment_intents request: Array
(
    [source] => src_1Gi17ZErcDB2LdSEF6o6DBxE
    [amount] => 50
    [currency] => usd
    [description] => Ming Ming LTD - Order 477
    [metadata] => Array
        (
            [customer_name] =>  
            [customer_email] => korshunoved@gmail.com
            [order_id] => 477
        )

    [capture_method] => automatic
    [payment_method_types] => Array
        (
            [0] => card
        )

    [customer] => cus_HGY848RuetARIo
)

====End Log====


2020-05-12T16:38:30+00:00 DEBUG 
====Stripe Version: 4.3.2====
====Start Log====
sources/src_1Gi17ZErcDB2LdSEF6o6DBxE
====End Log====


2020-05-12T16:38:30+00:00 DEBUG 
====Stripe Version: 4.3.2====
====Start Log====
Info: Begin processing payment for order 477 for the amount of 0.50
====End Log====


2020-05-12T16:38:30+00:00 DEBUG 
====Stripe Version: 4.3.2====
====Start Log====
payment_intents request: Array
(
    [source] => src_1Gi17ZErcDB2LdSEF6o6DBxE
    [amount] => 50
    [currency] => usd
    [description] => Ming Ming LTD - Order 477
    [metadata] => Array
        (
            [customer_name] =>  
            [customer_email] => korshunoved@gmail.com
            [order_id] => 477
        )

    [capture_method] => automatic
    [payment_method_types] => Array
        (
            [0] => card
        )

    [customer] => cus_HGY848RuetARIo
)

====End Log====


2020-05-12T16:38:34+00:00 DEBUG 
====Stripe Version: 4.3.2====
====Start Log====
sources/src_1Gi17ZErcDB2LdSEF6o6DBxE
====End Log====


2020-05-12T16:38:34+00:00 DEBUG 
====Stripe Version: 4.3.2====
====Start Log====
Info: Begin processing payment for order 477 for the amount of 0.50
====End Log====


2020-05-12T16:38:34+00:00 DEBUG 
====Stripe Version: 4.3.2====
====Start Log====
payment_intents request: Array
(
    [source] => src_1Gi17ZErcDB2LdSEF6o6DBxE
    [amount] => 50
    [currency] => usd
    [description] => Ming Ming LTD - Order 477
    [metadata] => Array
        (
            [customer_name] =>  
            [customer_email] => korshunoved@gmail.com
            [order_id] => 477
        )

    [capture_method] => automatic
    [payment_method_types] => Array
        (
            [0] => card
        )

    [customer] => cus_HGY848RuetARIo
)

====End Log====


2020-05-12T16:38:39+00:00 DEBUG 
====Stripe Version: 4.3.2====
====Start Log====
sources/src_1Gi17ZErcDB2LdSEF6o6DBxE
====End Log====


2020-05-12T16:38:39+00:00 DEBUG 
====Stripe Version: 4.3.2====
====Start Log====
Info: Begin processing payment for order 477 for the amount of 0.50
====End Log====


2020-05-12T16:38:39+00:00 DEBUG 
====Stripe Version: 4.3.2====
====Start Log====
payment_intents request: Array
(
    [source] => src_1Gi17ZErcDB2LdSEF6o6DBxE
    [amount] => 50
    [currency] => usd
    [description] => Ming Ming LTD - Order 477
    [metadata] => Array
        (
            [customer_name] =>  
            [customer_email] => korshunoved@gmail.com
            [order_id] => 477
        )

    [capture_method] => automatic
    [payment_method_types] => Array
        (
            [0] => card
        )

    [customer] => cus_HGY848RuetARIo
)

====End Log====


2020-05-12T16:38:39+00:00 DEBUG 
====Stripe Version: 4.3.2====
====Start Log====
sources/src_1Gi17ZErcDB2LdSEF6o6DBxE
====End Log====


2020-05-12T16:38:40+00:00 DEBUG 
====Stripe Version: 4.3.2====
====Start Log====
Info: Begin processing payment for order 477 for the amount of 0.50
====End Log====


2020-05-12T16:38:40+00:00 DEBUG 
====Stripe Version: 4.3.2====
====Start Log====
payment_intents request: Array
(
    [source] => src_1Gi17ZErcDB2LdSEF6o6DBxE
    [amount] => 50
    [currency] => usd
    [description] => Ming Ming LTD - Order 477
    [metadata] => Array
        (
            [customer_name] =>  
            [customer_email] => korshunoved@gmail.com
            [order_id] => 477
        )

    [capture_method] => automatic
    [payment_method_types] => Array
        (
            [0] => card
        )

    [customer] => cus_HGY848RuetARIo
)

====End Log====


2020-05-12T16:38:40+00:00 DEBUG 
====Stripe Version: 4.3.2====
====Start Log====
Error: stdClass Object
(
    [error] => stdClass Object
        (
            [code] => amount_too_small
            [doc_url] => https://stripe.com/docs/error-codes/amount-too-small
            [message] => Amount must convert to at least 400 cents. $0.50 USD converts to approximately $3.87 HKD.
            [type] => invalid_request_error
        )

)

====End Log====


2020-05-12T16:38:57+00:00 DEBUG 
====Stripe Version: 4.3.2====
====Start Log====
sources/src_1Gi188ErcDB2LdSEmVEMHWhF
====End Log====


2020-05-12T16:38:57+00:00 DEBUG 
====Stripe Version: 4.3.2====
====Start Log====
customers/cus_HGY848RuetARIo request: Array
(
    [email] => rd@reputation.house
    [description] => Name: Ming ming , Username: Ming ming
    [metadata] => Array
        (
        )

)

====End Log====


2020-05-12T16:38:58+00:00 DEBUG 
====Stripe Version: 4.3.2====
====Start Log====
Info: Begin processing payment for order 477 for the amount of 0.50
====End Log====


2020-05-12T16:38:58+00:00 DEBUG 
====Stripe Version: 4.3.2====
====Start Log====
payment_intents request: Array
(
    [source] => src_1Gi188ErcDB2LdSEmVEMHWhF
    [amount] => 50
    [currency] => usd
    [description] => Ming Ming LTD - Order 477
    [metadata] => Array
        (
            [customer_name] =>  
            [customer_email] => rd@reputation.house
            [order_id] => 477
        )

    [capture_method] => automatic
    [payment_method_types] => Array
        (
            [0] => card
        )

    [customer] => cus_HGY848RuetARIo
)

====End Log====


2020-05-12T16:38:59+00:00 DEBUG 
====Stripe Version: 4.3.2====
====Start Log====
sources/src_1Gi188ErcDB2LdSEmVEMHWhF
====End Log====


2020-05-12T16:39:00+00:00 DEBUG 
====Stripe Version: 4.3.2====
====Start Log====
customers/cus_HGY848RuetARIo request: Array
(
    [email] => rd@reputation.house
    [description] => Name: Ming ming , Username: Ming ming
    [metadata] => Array
        (
        )

)

====End Log====


2020-05-12T16:39:00+00:00 DEBUG 
====Stripe Version: 4.3.2====
====Start Log====
Info: Begin processing payment for order 477 for the amount of 0.50
====End Log====


2020-05-12T16:39:00+00:00 DEBUG 
====Stripe Version: 4.3.2====
====Start Log====
payment_intents request: Array
(
    [source] => src_1Gi188ErcDB2LdSEmVEMHWhF
    [amount] => 50
    [currency] => usd
    [description] => Ming Ming LTD - Order 477
    [metadata] => Array
        (
            [customer_name] =>  
            [customer_email] => rd@reputation.house
            [order_id] => 477
        )

    [capture_method] => automatic
    [payment_method_types] => Array
        (
            [0] => card
        )

    [customer] => cus_HGY848RuetARIo
)

====End Log====


2020-05-12T16:39:03+00:00 DEBUG 
====Stripe Version: 4.3.2====
====Start Log====
sources/src_1Gi188ErcDB2LdSEmVEMHWhF
====End Log====


2020-05-12T16:39:03+00:00 DEBUG 
====Stripe Version: 4.3.2====
====Start Log====
Info: Begin processing payment for order 477 for the amount of 0.50
====End Log====


2020-05-12T16:39:03+00:00 DEBUG 
====Stripe Version: 4.3.2====
====Start Log====
payment_intents request: Array
(
    [source] => src_1Gi188ErcDB2LdSEmVEMHWhF
    [amount] => 50
    [currency] => usd
    [description] => Ming Ming LTD - Order 477
    [metadata] => Array
        (
            [customer_name] =>  
            [customer_email] => rd@reputation.house
            [order_id] => 477
        )

    [capture_method] => automatic
    [payment_method_types] => Array
        (
            [0] => card
        )

    [customer] => cus_HGY848RuetARIo
)

====End Log====


2020-05-12T16:39:07+00:00 DEBUG 
====Stripe Version: 4.3.2====
====Start Log====
sources/src_1Gi188ErcDB2LdSEmVEMHWhF
====End Log====


2020-05-12T16:39:07+00:00 DEBUG 
====Stripe Version: 4.3.2====
====Start Log====
Info: Begin processing payment for order 477 for the amount of 0.50
====End Log====


2020-05-12T16:39:07+00:00 DEBUG 
====Stripe Version: 4.3.2====
====Start Log====
payment_intents request: Array
(
    [source] => src_1Gi188ErcDB2LdSEmVEMHWhF
    [amount] => 50
    [currency] => usd
    [description] => Ming Ming LTD - Order 477
    [metadata] => Array
        (
            [customer_name] =>  
            [customer_email] => rd@reputation.house
            [order_id] => 477
        )

    [capture_method] => automatic
    [payment_method_types] => Array
        (
            [0] => card
        )

    [customer] => cus_HGY848RuetARIo
)

====End Log====


2020-05-12T16:39:11+00:00 DEBUG 
====Stripe Version: 4.3.2====
====Start Log====
sources/src_1Gi188ErcDB2LdSEmVEMHWhF
====End Log====


2020-05-12T16:39:12+00:00 DEBUG 
====Stripe Version: 4.3.2====
====Start Log====
Info: Begin processing payment for order 477 for the amount of 0.50
====End Log====


2020-05-12T16:39:12+00:00 DEBUG 
====Stripe Version: 4.3.2====
====Start Log====
payment_intents request: Array
(
    [source] => src_1Gi188ErcDB2LdSEmVEMHWhF
    [amount] => 50
    [currency] => usd
    [description] => Ming Ming LTD - Order 477
    [metadata] => Array
        (
            [customer_name] =>  
            [customer_email] => rd@reputation.house
            [order_id] => 477
        )

    [capture_method] => automatic
    [payment_method_types] => Array
        (
            [0] => card
        )

    [customer] => cus_HGY848RuetARIo
)

====End Log====


2020-05-12T16:39:12+00:00 DEBUG 
====Stripe Version: 4.3.2====
====Start Log====
sources/src_1Gi188ErcDB2LdSEmVEMHWhF
====End Log====


2020-05-12T16:39:13+00:00 DEBUG 
====Stripe Version: 4.3.2====
====Start Log====
Info: Begin processing payment for order 477 for the amount of 0.50
====End Log====


2020-05-12T16:39:13+00:00 DEBUG 
====Stripe Version: 4.3.2====
====Start Log====
payment_intents request: Array
(
    [source] => src_1Gi188ErcDB2LdSEmVEMHWhF
    [amount] => 50
    [currency] => usd
    [description] => Ming Ming LTD - Order 477
    [metadata] => Array
        (
            [customer_name] =>  
            [customer_email] => rd@reputation.house
            [order_id] => 477
        )

    [capture_method] => automatic
    [payment_method_types] => Array
        (
            [0] => card
        )

    [customer] => cus_HGY848RuetARIo
)

====End Log====


2020-05-12T16:39:13+00:00 DEBUG 
====Stripe Version: 4.3.2====
====Start Log====
Error: stdClass Object
(
    [error] => stdClass Object
        (
            [code] => amount_too_small
            [doc_url] => https://stripe.com/docs/error-codes/amount-too-small
            [message] => Amount must convert to at least 400 cents. $0.50 USD converts to approximately $3.87 HKD.
            [type] => invalid_request_error
        )

)

====End Log====


2020-05-12T17:08:57+00:00 DEBUG 
====Stripe Version: 4.3.2====
====Start Log====
customers/cus_Gz9eci9S3d8s6q/sources request: Array
(
    [limit] => 100
)

====End Log====


2020-05-12T17:08:59+00:00 DEBUG 
====Stripe Version: 4.3.2====
====Start Log====
customers/cus_Gz9eci9S3d8s6q/sources request: Array
(
    [limit] => 100
)

====End Log====


2020-05-12T17:09:04+00:00 DEBUG 
====Stripe Version: 4.3.2====
====Start Log====
customers/cus_Gz9eci9S3d8s6q/sources request: Array
(
    [limit] => 100
)

====End Log====


2020-05-12T17:09:04+00:00 DEBUG 
====Stripe Version: 4.3.2====
====Start Log====
customers/cus_Gz9eci9S3d8s6q/sources request: Array
(
    [limit] => 100
)

====End Log====


2020-05-12T17:10:46+00:00 DEBUG 
====Stripe Version: 4.3.2====
====Start Log====
customers/cus_Gz9eci9S3d8s6q/sources request: Array
(
    [limit] => 100
)

====End Log====


2020-05-12T17:10:47+00:00 DEBUG 
====Stripe Version: 4.3.2====
====Start Log====
customers/cus_Gz9eci9S3d8s6q/sources request: Array
(
    [limit] => 100
)

====End Log====


2020-05-12T17:10:49+00:00 DEBUG 
====Stripe Version: 4.3.2====
====Start Log====
customers/cus_Gz9eci9S3d8s6q/sources request: Array
(
    [limit] => 100
)

====End Log====


2020-05-12T17:10:50+00:00 DEBUG 
====Stripe Version: 4.3.2====
====Start Log====
customers/cus_Gz9eci9S3d8s6q/sources request: Array
(
    [limit] => 100
)

====End Log====


2020-05-12T17:12:37+00:00 DEBUG 
====Stripe Version: 4.3.2====
====Start Log====
customers/cus_HGY848RuetARIo/sources request: Array
(
    [limit] => 100
)

====End Log====


2020-05-12T17:12:38+00:00 DEBUG 
====Stripe Version: 4.3.2====
====Start Log====
customers/cus_HGY848RuetARIo/sources request: Array
(
    [limit] => 100
)

====End Log====


2020-05-12T17:12:39+00:00 DEBUG 
====Stripe Version: 4.3.2====
====Start Log====
customers/cus_HGY848RuetARIo/sources request: Array
(
    [limit] => 100
)

====End Log====


2020-05-12T17:12:40+00:00 DEBUG 
====Stripe Version: 4.3.2====
====Start Log====
customers/cus_HGY848RuetARIo/sources request: Array
(
    [limit] => 100
)

====End Log====


2020-05-12T17:13:06+00:00 DEBUG 
====Stripe Version: 4.3.2====
====Start Log====
customers/cus_Gz9eci9S3d8s6q/sources request: Array
(
    [limit] => 100
)

====End Log====


2020-05-12T17:13:06+00:00 DEBUG 
====Stripe Version: 4.3.2====
====Start Log====
customers/cus_Gz9eci9S3d8s6q/sources request: Array
(
    [limit] => 100
)

====End Log====


2020-05-12T17:13:10+00:00 DEBUG 
====Stripe Version: 4.3.2====
====Start Log====
customers/cus_Gz9eci9S3d8s6q/sources request: Array
(
    [limit] => 100
)

====End Log====


2020-05-12T17:13:10+00:00 DEBUG 
====Stripe Version: 4.3.2====
====Start Log====
customers/cus_Gz9eci9S3d8s6q/sources request: Array
(
    [limit] => 100
)

====End Log====


2020-05-12T17:13:43+00:00 DEBUG 
====Stripe Version: 4.3.2====
====Start Log====
customers/cus_HGY848RuetARIo/sources request: Array
(
    [limit] => 100
)

====End Log====


2020-05-12T17:13:44+00:00 DEBUG 
====Stripe Version: 4.3.2====
====Start Log====
customers/cus_HGY848RuetARIo/sources request: Array
(
    [limit] => 100
)

====End Log====


2020-05-12T17:13:46+00:00 DEBUG 
====Stripe Version: 4.3.2====
====Start Log====
customers/cus_HGY848RuetARIo/sources request: Array
(
    [limit] => 100
)

====End Log====


2020-05-12T17:13:47+00:00 DEBUG 
====Stripe Version: 4.3.2====
====Start Log====
customers/cus_HGY848RuetARIo/sources request: Array
(
    [limit] => 100
)

====End Log====


2020-05-12T17:13:58+00:00 DEBUG 
====Stripe Version: 4.3.2====
====Start Log====
customers/cus_Gz9eci9S3d8s6q/sources request: Array
(
    [limit] => 100
)

====End Log====


2020-05-12T17:13:58+00:00 DEBUG 
====Stripe Version: 4.3.2====
====Start Log====
customers/cus_Gz9eci9S3d8s6q/sources request: Array
(
    [limit] => 100
)

====End Log====


2020-05-12T17:14:03+00:00 DEBUG 
====Stripe Version: 4.3.2====
====Start Log====
customers/cus_Gz9eci9S3d8s6q/sources request: Array
(
    [limit] => 100
)

====End Log====


2020-05-12T17:14:03+00:00 DEBUG 
====Stripe Version: 4.3.2====
====Start Log====
customers/cus_Gz9eci9S3d8s6q/sources request: Array
(
    [limit] => 100
)

====End Log====


2020-05-12T17:14:51+00:00 DEBUG 
====Stripe Version: 4.3.2====
====Start Log====
customers/cus_HGY848RuetARIo/sources request: Array
(
    [limit] => 100
)

====End Log====


2020-05-12T17:14:51+00:00 DEBUG 
====Stripe Version: 4.3.2====
====Start Log====
customers/cus_HGY848RuetARIo/sources request: Array
(
    [limit] => 100
)

====End Log====


2020-05-12T17:14:53+00:00 DEBUG 
====Stripe Version: 4.3.2====
====Start Log====
customers/cus_HGY848RuetARIo/sources request: Array
(
    [limit] => 100
)

====End Log====


2020-05-12T17:14:54+00:00 DEBUG 
====Stripe Version: 4.3.2====
====Start Log====
customers/cus_HGY848RuetARIo/sources request: Array
(
    [limit] => 100
)

====End Log====


2020-05-12T17:16:43+00:00 DEBUG 
====Stripe Version: 4.3.2====
====Start Log====
customers/cus_Gz9eci9S3d8s6q/sources request: Array
(
    [limit] => 100
)

====End Log====


2020-05-12T17:16:43+00:00 DEBUG 
====Stripe Version: 4.3.2====
====Start Log====
customers/cus_Gz9eci9S3d8s6q/sources request: Array
(
    [limit] => 100
)

====End Log====


2020-05-12T17:16:47+00:00 DEBUG 
====Stripe Version: 4.3.2====
====Start Log====
customers/cus_Gz9eci9S3d8s6q/sources request: Array
(
    [limit] => 100
)

====End Log====


2020-05-12T17:16:47+00:00 DEBUG 
====Stripe Version: 4.3.2====
====Start Log====
customers/cus_Gz9eci9S3d8s6q/sources request: Array
(
    [limit] => 100
)

====End Log====


2020-05-12T17:17:06+00:00 DEBUG 
====Stripe Version: 4.3.2====
====Start Log====
customers/cus_HGY848RuetARIo/sources request: Array
(
    [limit] => 100
)

====End Log====


2020-05-12T17:17:06+00:00 DEBUG 
====Stripe Version: 4.3.2====
====Start Log====
customers/cus_HGY848RuetARIo/sources request: Array
(
    [limit] => 100
)

====End Log====


2020-05-12T17:17:08+00:00 DEBUG 
====Stripe Version: 4.3.2====
====Start Log====
customers/cus_HGY848RuetARIo/sources request: Array
(
    [limit] => 100
)

====End Log====


2020-05-12T17:17:09+00:00 DEBUG 
====Stripe Version: 4.3.2====
====Start Log====
customers/cus_HGY848RuetARIo/sources request: Array
(
    [limit] => 100
)

====End Log====


2020-05-12T17:17:16+00:00 DEBUG 
====Stripe Version: 4.3.2====
====Start Log====
customers/cus_HGY848RuetARIo/sources request: Array
(
    [limit] => 100
)

====End Log====


2020-05-12T17:17:16+00:00 DEBUG 
====Stripe Version: 4.3.2====
====Start Log====
customers/cus_HGY848RuetARIo/sources request: Array
(
    [limit] => 100
)

====End Log====


2020-05-12T17:17:19+00:00 DEBUG 
====Stripe Version: 4.3.2====
====Start Log====
customers/cus_HGY848RuetARIo/sources request: Array
(
    [limit] => 100
)

====End Log====


2020-05-12T17:17:19+00:00 DEBUG 
====Stripe Version: 4.3.2====
====Start Log====
customers/cus_HGY848RuetARIo/sources request: Array
(
    [limit] => 100
)

====End Log====


2020-05-12T17:17:23+00:00 DEBUG 
====Stripe Version: 4.3.2====
====Start Log====
customers/cus_HGY848RuetARIo/sources request: Array
(
    [limit] => 100
)

====End Log====


2020-05-12T17:17:24+00:00 DEBUG 
====Stripe Version: 4.3.2====
====Start Log====
customers/cus_HGY848RuetARIo/sources request: Array
(
    [limit] => 100
)

====End Log====


2020-05-12T17:17:26+00:00 DEBUG 
====Stripe Version: 4.3.2====
====Start Log====
customers/cus_HGY848RuetARIo/sources request: Array
(
    [limit] => 100
)

====End Log====


2020-05-12T17:17:26+00:00 DEBUG 
====Stripe Version: 4.3.2====
====Start Log====
customers/cus_HGY848RuetARIo/sources request: Array
(
    [limit] => 100
)

====End Log====


2020-05-12T17:18:18+00:00 DEBUG 
====Stripe Version: 4.3.2====
====Start Log====
customers/cus_Gz9eci9S3d8s6q/sources request: Array
(
    [limit] => 100
)

====End Log====


2020-05-12T17:18:19+00:00 DEBUG 
====Stripe Version: 4.3.2====
====Start Log====
customers/cus_Gz9eci9S3d8s6q/sources request: Array
(
    [limit] => 100
)

====End Log====


2020-05-12T17:18:22+00:00 DEBUG 
====Stripe Version: 4.3.2====
====Start Log====
customers/cus_Gz9eci9S3d8s6q/sources request: Array
(
    [limit] => 100
)

====End Log====


2020-05-12T17:18:22+00:00 DEBUG 
====Stripe Version: 4.3.2====
====Start Log====
customers/cus_Gz9eci9S3d8s6q/sources request: Array
(
    [limit] => 100
)

====End Log====


2020-05-12T17:18:37+00:00 DEBUG 
====Stripe Version: 4.3.2====
====Start Log====
customers/cus_Gz9eci9S3d8s6q/sources request: Array
(
    [limit] => 100
)

====End Log====


2020-05-12T17:18:37+00:00 DEBUG 
====Stripe Version: 4.3.2====
====Start Log====
customers/cus_Gz9eci9S3d8s6q/sources request: Array
(
    [limit] => 100
)

====End Log====


2020-05-12T17:18:40+00:00 DEBUG 
====Stripe Version: 4.3.2====
====Start Log====
customers/cus_Gz9eci9S3d8s6q/sources request: Array
(
    [limit] => 100
)

====End Log====


2020-05-12T17:18:40+00:00 DEBUG 
====Stripe Version: 4.3.2====
====Start Log====
customers/cus_Gz9eci9S3d8s6q/sources request: Array
(
    [limit] => 100
)

====End Log====


2020-05-12T17:20:35+00:00 DEBUG 
====Stripe Version: 4.3.2====
====Start Log====
customers/cus_Gz9eci9S3d8s6q/sources request: Array
(
    [limit] => 100
)

====End Log====


2020-05-12T17:20:36+00:00 DEBUG 
====Stripe Version: 4.3.2====
====Start Log====
customers/cus_Gz9eci9S3d8s6q/sources request: Array
(
    [limit] => 100
)

====End Log====


2020-05-12T17:20:40+00:00 DEBUG 
====Stripe Version: 4.3.2====
====Start Log====
customers/cus_Gz9eci9S3d8s6q/sources request: Array
(
    [limit] => 100
)

====End Log====


2020-05-12T17:20:40+00:00 DEBUG 
====Stripe Version: 4.3.2====
====Start Log====
customers/cus_Gz9eci9S3d8s6q/sources request: Array
(
    [limit] => 100
)

====End Log====


2020-05-12T17:20:59+00:00 DEBUG 
====Stripe Version: 4.3.2====
====Start Log====
customers/cus_Gz9eci9S3d8s6q/sources request: Array
(
    [limit] => 100
)

====End Log====


2020-05-12T17:20:59+00:00 DEBUG 
====Stripe Version: 4.3.2====
====Start Log====
customers/cus_Gz9eci9S3d8s6q/sources request: Array
(
    [limit] => 100
)

====End Log====


2020-05-12T17:21:03+00:00 DEBUG 
====Stripe Version: 4.3.2====
====Start Log====
customers/cus_Gz9eci9S3d8s6q/sources request: Array
(
    [limit] => 100
)

====End Log====


2020-05-12T17:21:03+00:00 DEBUG 
====Stripe Version: 4.3.2====
====Start Log====
customers/cus_Gz9eci9S3d8s6q/sources request: Array
(
    [limit] => 100
)

====End Log====


2020-05-12T17:21:06+00:00 DEBUG 
====Stripe Version: 4.3.2====
====Start Log====
customers/cus_Gz9eci9S3d8s6q/sources request: Array
(
    [limit] => 100
)

====End Log====


2020-05-12T17:21:06+00:00 DEBUG 
====Stripe Version: 4.3.2====
====Start Log====
customers/cus_Gz9eci9S3d8s6q/sources request: Array
(
    [limit] => 100
)

====End Log====


2020-05-12T17:21:08+00:00 DEBUG 
====Stripe Version: 4.3.2====
====Start Log====
customers/cus_Gz9eci9S3d8s6q/sources request: Array
(
    [limit] => 100
)

====End Log====


2020-05-12T17:21:09+00:00 DEBUG 
====Stripe Version: 4.3.2====
====Start Log====
customers/cus_Gz9eci9S3d8s6q/sources request: Array
(
    [limit] => 100
)

====End Log====


2020-05-12T17:22:53+00:00 DEBUG 
====Stripe Version: 4.3.2====
====Start Log====
customers/cus_Gz9eci9S3d8s6q/sources request: Array
(
    [limit] => 100
)

====End Log====


2020-05-12T17:22:53+00:00 DEBUG 
====Stripe Version: 4.3.2====
====Start Log====
customers/cus_Gz9eci9S3d8s6q/sources request: Array
(
    [limit] => 100
)

====End Log====


2020-05-12T17:22:56+00:00 DEBUG 
====Stripe Version: 4.3.2====
====Start Log====
customers/cus_Gz9eci9S3d8s6q/sources request: Array
(
    [limit] => 100
)

====End Log====


2020-05-12T17:22:56+00:00 DEBUG 
====Stripe Version: 4.3.2====
====Start Log====
customers/cus_Gz9eci9S3d8s6q/sources request: Array
(
    [limit] => 100
)

====End Log====


2020-05-12T17:23:39+00:00 DEBUG 
====Stripe Version: 4.3.2====
====Start Log====
Your domain has been verified with Apple Pay!
====End Log====


2020-05-12T17:23:51+00:00 DEBUG 
====Stripe Version: 4.3.2====
====Start Log====
Your domain has been verified with Apple Pay!
====End Log====


2020-05-12T17:23:56+00:00 DEBUG 
====Stripe Version: 4.3.2====
====Start Log====
customers/cus_Gz9eci9S3d8s6q/sources request: Array
(
    [limit] => 100
)

====End Log====


2020-05-12T17:23:56+00:00 DEBUG 
====Stripe Version: 4.3.2====
====Start Log====
customers/cus_Gz9eci9S3d8s6q/sources request: Array
(
    [limit] => 100
)

====End Log====


2020-05-12T17:23:59+00:00 DEBUG 
====Stripe Version: 4.3.2====
====Start Log====
customers/cus_Gz9eci9S3d8s6q/sources request: Array
(
    [limit] => 100
)

====End Log====


2020-05-12T17:24:00+00:00 DEBUG 
====Stripe Version: 4.3.2====
====Start Log====
customers/cus_Gz9eci9S3d8s6q/sources request: Array
(
    [limit] => 100
)

====End Log====


2020-05-12T17:24:16+00:00 DEBUG 
====Stripe Version: 4.3.2====
====Start Log====
customers/cus_Gz9eci9S3d8s6q/sources request: Array
(
    [limit] => 100
)

====End Log====


2020-05-12T17:24:16+00:00 DEBUG 
====Stripe Version: 4.3.2====
====Start Log====
customers/cus_Gz9eci9S3d8s6q/sources request: Array
(
    [limit] => 100
)

====End Log====


2020-05-12T17:24:19+00:00 DEBUG 
====Stripe Version: 4.3.2====
====Start Log====
customers/cus_Gz9eci9S3d8s6q/sources request: Array
(
    [limit] => 100
)

====End Log====


2020-05-12T17:24:19+00:00 DEBUG 
====Stripe Version: 4.3.2====
====Start Log====
customers/cus_Gz9eci9S3d8s6q/sources request: Array
(
    [limit] => 100
)

====End Log====


2020-05-12T17:25:14+00:00 DEBUG 
====Stripe Version: 4.3.2====
====Start Log====
customers/cus_Gz9eci9S3d8s6q/sources request: Array
(
    [limit] => 100
)

====End Log====


2020-05-12T17:25:14+00:00 DEBUG 
====Stripe Version: 4.3.2====
====Start Log====
customers/cus_Gz9eci9S3d8s6q/sources request: Array
(
    [limit] => 100
)

====End Log====


2020-05-12T17:25:17+00:00 DEBUG 
====Stripe Version: 4.3.2====
====Start Log====
customers/cus_Gz9eci9S3d8s6q/sources request: Array
(
    [limit] => 100
)

====End Log====


2020-05-12T17:25:18+00:00 DEBUG 
====Stripe Version: 4.3.2====
====Start Log====
customers/cus_Gz9eci9S3d8s6q/sources request: Array
(
    [limit] => 100
)

====End Log====


2020-05-12T17:26:38+00:00 DEBUG 
====Stripe Version: 4.3.2====
====Start Log====
customers/cus_Gz9eci9S3d8s6q/sources request: Array
(
    [limit] => 100
)

====End Log====


2020-05-12T17:26:38+00:00 DEBUG 
====Stripe Version: 4.3.2====
====Start Log====
customers/cus_Gz9eci9S3d8s6q/sources request: Array
(
    [limit] => 100
)

====End Log====


2020-05-12T17:26:42+00:00 DEBUG 
====Stripe Version: 4.3.2====
====Start Log====
customers/cus_Gz9eci9S3d8s6q/sources request: Array
(
    [limit] => 100
)

====End Log====


2020-05-12T17:26:42+00:00 DEBUG 
====Stripe Version: 4.3.2====
====Start Log====
customers/cus_Gz9eci9S3d8s6q/sources request: Array
(
    [limit] => 100
)

====End Log====


2020-05-12T17:28:48+00:00 DEBUG 
====Stripe Version: 4.3.2====
====Start Log====
customers/cus_Gz9eci9S3d8s6q/sources request: Array
(
    [limit] => 100
)

====End Log====


2020-05-12T17:28:49+00:00 DEBUG 
====Stripe Version: 4.3.2====
====Start Log====
customers/cus_Gz9eci9S3d8s6q/sources request: Array
(
    [limit] => 100
)

====End Log====


2020-05-12T17:28:51+00:00 DEBUG 
====Stripe Version: 4.3.2====
====Start Log====
customers/cus_Gz9eci9S3d8s6q/sources request: Array
(
    [limit] => 100
)

====End Log====


2020-05-12T17:28:51+00:00 DEBUG 
====Stripe Version: 4.3.2====
====Start Log====
customers/cus_Gz9eci9S3d8s6q/sources request: Array
(
    [limit] => 100
)

====End Log====


2020-05-12T17:29:58+00:00 DEBUG 
====Stripe Version: 4.3.2====
====Start Log====
customers/cus_Gz9eci9S3d8s6q/sources request: Array
(
    [limit] => 100
)

====End Log====


2020-05-12T17:29:58+00:00 DEBUG 
====Stripe Version: 4.3.2====
====Start Log====
customers/cus_Gz9eci9S3d8s6q/sources request: Array
(
    [limit] => 100
)

====End Log====


2020-05-12T17:30:01+00:00 DEBUG 
====Stripe Version: 4.3.2====
====Start Log====
customers/cus_Gz9eci9S3d8s6q/sources request: Array
(
    [limit] => 100
)

====End Log====


2020-05-12T17:30:01+00:00 DEBUG 
====Stripe Version: 4.3.2====
====Start Log====
customers/cus_Gz9eci9S3d8s6q/sources request: Array
(
    [limit] => 100
)

====End Log====


2020-05-12T17:32:26+00:00 DEBUG 
====Stripe Version: 4.3.2====
====Start Log====
customers/cus_Gz9eci9S3d8s6q/sources request: Array
(
    [limit] => 100
)

====End Log====


2020-05-12T17:32:27+00:00 DEBUG 
====Stripe Version: 4.3.2====
====Start Log====
customers/cus_Gz9eci9S3d8s6q/sources request: Array
(
    [limit] => 100
)

====End Log====


2020-05-12T17:32:29+00:00 DEBUG 
====Stripe Version: 4.3.2====
====Start Log====
customers/cus_Gz9eci9S3d8s6q/sources request: Array
(
    [limit] => 100
)

====End Log====


2020-05-12T17:32:30+00:00 DEBUG 
====Stripe Version: 4.3.2====
====Start Log====
customers/cus_Gz9eci9S3d8s6q/sources request: Array
(
    [limit] => 100
)

====End Log====


2020-05-12T17:33:05+00:00 DEBUG 
====Stripe Version: 4.3.2====
====Start Log====
customers/cus_Gz9eci9S3d8s6q/sources request: Array
(
    [limit] => 100
)

====End Log====


2020-05-12T17:33:06+00:00 DEBUG 
====Stripe Version: 4.3.2====
====Start Log====
customers/cus_Gz9eci9S3d8s6q/sources request: Array
(
    [limit] => 100
)

====End Log====


2020-05-12T17:33:09+00:00 DEBUG 
====Stripe Version: 4.3.2====
====Start Log====
customers/cus_Gz9eci9S3d8s6q/sources request: Array
(
    [limit] => 100
)

====End Log====


2020-05-12T17:33:09+00:00 DEBUG 
====Stripe Version: 4.3.2====
====Start Log====
customers/cus_Gz9eci9S3d8s6q/sources request: Array
(
    [limit] => 100
)

====End Log====


2020-05-12T17:33:50+00:00 DEBUG 
====Stripe Version: 4.3.2====
====Start Log====
customers/cus_Gz9eci9S3d8s6q/sources request: Array
(
    [limit] => 100
)

====End Log====


2020-05-12T17:33:50+00:00 DEBUG 
====Stripe Version: 4.3.2====
====Start Log====
customers/cus_Gz9eci9S3d8s6q/sources request: Array
(
    [limit] => 100
)

====End Log====


2020-05-12T17:33:52+00:00 DEBUG 
====Stripe Version: 4.3.2====
====Start Log====
customers/cus_Gz9eci9S3d8s6q/sources request: Array
(
    [limit] => 100
)

====End Log====


2020-05-12T17:33:53+00:00 DEBUG 
====Stripe Version: 4.3.2====
====Start Log====
customers/cus_Gz9eci9S3d8s6q/sources request: Array
(
    [limit] => 100
)

====End Log====


2020-05-12T17:34:09+00:00 DEBUG 
====Stripe Version: 4.3.2====
====Start Log====
customers/cus_Gz9eci9S3d8s6q/sources request: Array
(
    [limit] => 100
)

====End Log====


2020-05-12T17:34:10+00:00 DEBUG 
====Stripe Version: 4.3.2====
====Start Log====
customers/cus_Gz9eci9S3d8s6q/sources request: Array
(
    [limit] => 100
)

====End Log====


2020-05-12T17:34:12+00:00 DEBUG 
====Stripe Version: 4.3.2====
====Start Log====
customers/cus_Gz9eci9S3d8s6q/sources request: Array
(
    [limit] => 100
)

====End Log====


2020-05-12T17:34:12+00:00 DEBUG 
====Stripe Version: 4.3.2====
====Start Log====
customers/cus_Gz9eci9S3d8s6q/sources request: Array
(
    [limit] => 100
)

====End Log====


2020-05-12T17:35:04+00:00 DEBUG 
====Stripe Version: 4.3.2====
====Start Log====
customers/cus_Gz9eci9S3d8s6q/sources request: Array
(
    [limit] => 100
)

====End Log====


2020-05-12T17:35:05+00:00 DEBUG 
====Stripe Version: 4.3.2====
====Start Log====
customers/cus_Gz9eci9S3d8s6q/sources request: Array
(
    [limit] => 100
)

====End Log====


2020-05-12T17:35:07+00:00 DEBUG 
====Stripe Version: 4.3.2====
====Start Log====
customers/cus_Gz9eci9S3d8s6q/sources request: Array
(
    [limit] => 100
)

====End Log====


2020-05-12T17:35:08+00:00 DEBUG 
====Stripe Version: 4.3.2====
====Start Log====
customers/cus_Gz9eci9S3d8s6q/sources request: Array
(
    [limit] => 100
)

====End Log====


2020-05-12T17:35:39+00:00 DEBUG 
====Stripe Version: 4.3.2====
====Start Log====
customers/cus_Gz9eci9S3d8s6q/sources request: Array
(
    [limit] => 100
)

====End Log====


2020-05-12T17:35:39+00:00 DEBUG 
====Stripe Version: 4.3.2====
====Start Log====
customers/cus_Gz9eci9S3d8s6q/sources request: Array
(
    [limit] => 100
)

====End Log====


2020-05-12T17:35:41+00:00 DEBUG 
====Stripe Version: 4.3.2====
====Start Log====
customers/cus_Gz9eci9S3d8s6q/sources request: Array
(
    [limit] => 100
)

====End Log====


2020-05-12T17:35:42+00:00 DEBUG 
====Stripe Version: 4.3.2====
====Start Log====
customers/cus_Gz9eci9S3d8s6q/sources request: Array
(
    [limit] => 100
)

====End Log====


2020-05-12T17:37:43+00:00 DEBUG 
====Stripe Version: 4.3.2====
====Start Log====
customers/cus_Gz9eci9S3d8s6q/sources request: Array
(
    [limit] => 100
)

====End Log====


2020-05-12T17:37:43+00:00 DEBUG 
====Stripe Version: 4.3.2====
====Start Log====
customers/cus_Gz9eci9S3d8s6q/sources request: Array
(
    [limit] => 100
)

====End Log====


2020-05-12T17:37:46+00:00 DEBUG 
====Stripe Version: 4.3.2====
====Start Log====
customers/cus_Gz9eci9S3d8s6q/sources request: Array
(
    [limit] => 100
)

====End Log====


2020-05-12T17:37:46+00:00 DEBUG 
====Stripe Version: 4.3.2====
====Start Log====
customers/cus_Gz9eci9S3d8s6q/sources request: Array
(
    [limit] => 100
)

====End Log====


2020-05-12T17:39:38+00:00 DEBUG 
====Stripe Version: 4.3.2====
====Start Log====
customers/cus_Gz9eci9S3d8s6q/sources request: Array
(
    [limit] => 100
)

====End Log====


2020-05-12T17:39:39+00:00 DEBUG 
====Stripe Version: 4.3.2====
====Start Log====
customers/cus_Gz9eci9S3d8s6q/sources request: Array
(
    [limit] => 100
)

====End Log====


2020-05-12T17:39:42+00:00 DEBUG 
====Stripe Version: 4.3.2====
====Start Log====
customers/cus_Gz9eci9S3d8s6q/sources request: Array
(
    [limit] => 100
)

====End Log====


2020-05-12T17:39:43+00:00 DEBUG 
====Stripe Version: 4.3.2====
====Start Log====
customers/cus_Gz9eci9S3d8s6q/sources request: Array
(
    [limit] => 100
)

====End Log====


2020-05-12T17:41:07+00:00 DEBUG 
====Stripe Version: 4.3.2====
====Start Log====
customers/cus_Gz9eci9S3d8s6q/sources request: Array
(
    [limit] => 100
)

====End Log====


2020-05-12T17:41:08+00:00 DEBUG 
====Stripe Version: 4.3.2====
====Start Log====
customers/cus_Gz9eci9S3d8s6q/sources request: Array
(
    [limit] => 100
)

====End Log====


2020-05-12T17:41:10+00:00 DEBUG 
====Stripe Version: 4.3.2====
====Start Log====
customers/cus_Gz9eci9S3d8s6q/sources request: Array
(
    [limit] => 100
)

====End Log====


2020-05-12T17:41:11+00:00 DEBUG 
====Stripe Version: 4.3.2====
====Start Log====
customers/cus_Gz9eci9S3d8s6q/sources request: Array
(
    [limit] => 100
)

====End Log====


2020-05-12T17:42:26+00:00 DEBUG 
====Stripe Version: 4.3.2====
====Start Log====
customers/cus_Gz9eci9S3d8s6q/sources request: Array
(
    [limit] => 100
)

====End Log====


2020-05-12T17:42:27+00:00 DEBUG 
====Stripe Version: 4.3.2====
====Start Log====
customers/cus_Gz9eci9S3d8s6q/sources request: Array
(
    [limit] => 100
)

====End Log====


2020-05-12T17:42:29+00:00 DEBUG 
====Stripe Version: 4.3.2====
====Start Log====
customers/cus_Gz9eci9S3d8s6q/sources request: Array
(
    [limit] => 100
)

====End Log====


2020-05-12T17:42:30+00:00 DEBUG 
====Stripe Version: 4.3.2====
====Start Log====
customers/cus_Gz9eci9S3d8s6q/sources request: Array
(
    [limit] => 100
)

====End Log====


2020-05-12T17:42:37+00:00 DEBUG 
====Stripe Version: 4.3.2====
====Start Log====
customers/cus_Gz9eci9S3d8s6q/sources request: Array
(
    [limit] => 100
)

====End Log====


2020-05-12T17:42:37+00:00 DEBUG 
====Stripe Version: 4.3.2====
====Start Log====
customers/cus_Gz9eci9S3d8s6q/sources request: Array
(
    [limit] => 100
)

====End Log====


2020-05-12T17:42:40+00:00 DEBUG 
====Stripe Version: 4.3.2====
====Start Log====
customers/cus_Gz9eci9S3d8s6q/sources request: Array
(
    [limit] => 100
)

====End Log====


2020-05-12T17:42:40+00:00 DEBUG 
====Stripe Version: 4.3.2====
====Start Log====
customers/cus_Gz9eci9S3d8s6q/sources request: Array
(
    [limit] => 100
)

====End Log====


2020-05-12T17:44:44+00:00 DEBUG 
====Stripe Version: 4.3.2====
====Start Log====
sources/src_1Gi29mErcDB2LdSEIY4yMgnI
====End Log====


2020-05-12T17:44:44+00:00 DEBUG 
====Stripe Version: 4.3.2====
====Start Log====
customers/cus_Gz9eci9S3d8s6q request: Array
(
    [email] => korshunoved@gmail.com
    [description] => Name: Евгений Коршунов, Username: Евгений
    [metadata] => Array
        (
        )

)

====End Log====


2020-05-12T17:44:45+00:00 DEBUG 
====Stripe Version: 4.3.2====
====Start Log====
Error: stdClass Object
(
    [error] => stdClass Object
        (
            [code] => resource_missing
            [doc_url] => https://stripe.com/docs/error-codes/resource-missing
            [message] => No such customer: cus_Gz9eci9S3d8s6q
            [param] => id
            [type] => invalid_request_error
        )

)

====End Log====


2020-05-12T17:45:28+00:00 DEBUG 
====Stripe Version: 4.3.2====
====Start Log====
customers/cus_Gz9eci9S3d8s6q/sources request: Array
(
    [limit] => 100
)

====End Log====


2020-05-12T17:45:28+00:00 DEBUG 
====Stripe Version: 4.3.2====
====Start Log====
customers/cus_Gz9eci9S3d8s6q/sources request: Array
(
    [limit] => 100
)

====End Log====


2020-05-12T17:45:31+00:00 DEBUG 
====Stripe Version: 4.3.2====
====Start Log====
customers/cus_Gz9eci9S3d8s6q/sources request: Array
(
    [limit] => 100
)

====End Log====


2020-05-12T17:45:31+00:00 DEBUG 
====Stripe Version: 4.3.2====
====Start Log====
customers/cus_Gz9eci9S3d8s6q/sources request: Array
(
    [limit] => 100
)

====End Log====


2020-05-12T17:46:15+00:00 DEBUG 
====Stripe Version: 4.3.2====
====Start Log====
customers/cus_Gz9eci9S3d8s6q/sources request: Array
(
    [limit] => 100
)

====End Log====


2020-05-12T17:46:16+00:00 DEBUG 
====Stripe Version: 4.3.2====
====Start Log====
customers/cus_Gz9eci9S3d8s6q/sources request: Array
(
    [limit] => 100
)

====End Log====


2020-05-12T17:46:18+00:00 DEBUG 
====Stripe Version: 4.3.2====
====Start Log====
customers/cus_Gz9eci9S3d8s6q/sources request: Array
(
    [limit] => 100
)

====End Log====


2020-05-12T17:46:19+00:00 DEBUG 
====Stripe Version: 4.3.2====
====Start Log====
customers/cus_Gz9eci9S3d8s6q/sources request: Array
(
    [limit] => 100
)

====End Log====


2020-05-12T17:50:05+00:00 DEBUG 
====Stripe Version: 4.3.2====
====Start Log====
customers/cus_Gz9eci9S3d8s6q/sources request: Array
(
    [limit] => 100
)

====End Log====


2020-05-12T17:50:05+00:00 DEBUG 
====Stripe Version: 4.3.2====
====Start Log====
customers/cus_Gz9eci9S3d8s6q/sources request: Array
(
    [limit] => 100
)

====End Log====


2020-05-12T17:50:09+00:00 DEBUG 
====Stripe Version: 4.3.2====
====Start Log====
customers/cus_Gz9eci9S3d8s6q/sources request: Array
(
    [limit] => 100
)

====End Log====


2020-05-12T17:50:10+00:00 DEBUG 
====Stripe Version: 4.3.2====
====Start Log====
customers/cus_Gz9eci9S3d8s6q/sources request: Array
(
    [limit] => 100
)

====End Log====


2020-05-12T17:51:12+00:00 DEBUG 
====Stripe Version: 4.3.2====
====Start Log====
sources/src_1Gi2G3ErcDB2LdSERQTYVG8k
====End Log====


2020-05-12T17:51:13+00:00 DEBUG 
====Stripe Version: 4.3.2====
====Start Log====
customers request: Array
(
    [email] => korshunoved@gmail.com
    [description] => Name:  , Guest
    [metadata] => Array
        (
        )

)

====End Log====


2020-05-12T17:51:13+00:00 DEBUG 
====Stripe Version: 4.3.2====
====Start Log====
Info: Begin processing payment for order 481 for the amount of 0.50
====End Log====


2020-05-12T17:51:13+00:00 DEBUG 
====Stripe Version: 4.3.2====
====Start Log====
payment_intents request: Array
(
    [source] => src_1Gi2G3ErcDB2LdSERQTYVG8k
    [amount] => 50
    [currency] => usd
    [description] => Ming Ming LTD - Order 481
    [metadata] => Array
        (
            [customer_name] =>  
            [customer_email] => korshunoved@gmail.com
            [order_id] => 481
        )

    [capture_method] => automatic
    [payment_method_types] => Array
        (
            [0] => card
        )

    [customer] => cus_HGZOR0SnBBo4Z5
)

====End Log====


2020-05-12T17:51:15+00:00 DEBUG 
====Stripe Version: 4.3.2====
====Start Log====
sources/src_1Gi2G3ErcDB2LdSERQTYVG8k
====End Log====


2020-05-12T17:51:15+00:00 DEBUG 
====Stripe Version: 4.3.2====
====Start Log====
customers request: Array
(
    [email] => korshunoved@gmail.com
    [description] => Name:  , Guest
    [metadata] => Array
        (
        )

)

====End Log====


2020-05-12T17:51:16+00:00 DEBUG 
====Stripe Version: 4.3.2====
====Start Log====
Info: Begin processing payment for order 481 for the amount of 0.50
====End Log====


2020-05-12T17:51:16+00:00 DEBUG 
====Stripe Version: 4.3.2====
====Start Log====
payment_intents request: Array
(
    [source] => src_1Gi2G3ErcDB2LdSERQTYVG8k
    [amount] => 50
    [currency] => usd
    [description] => Ming Ming LTD - Order 481
    [metadata] => Array
        (
            [customer_name] =>  
            [customer_email] => korshunoved@gmail.com
            [order_id] => 481
        )

    [capture_method] => automatic
    [payment_method_types] => Array
        (
            [0] => card
        )

    [customer] => cus_HGZOeqmFoSrRFW
)

====End Log====


2020-05-12T17:51:18+00:00 DEBUG 
====Stripe Version: 4.3.2====
====Start Log====
sources/src_1Gi2G3ErcDB2LdSERQTYVG8k
====End Log====


2020-05-12T17:51:19+00:00 DEBUG 
====Stripe Version: 4.3.2====
====Start Log====
Info: Begin processing payment for order 481 for the amount of 0.50
====End Log====


2020-05-12T17:51:19+00:00 DEBUG 
====Stripe Version: 4.3.2====
====Start Log====
payment_intents request: Array
(
    [source] => src_1Gi2G3ErcDB2LdSERQTYVG8k
    [amount] => 50
    [currency] => usd
    [description] => Ming Ming LTD - Order 481
    [metadata] => Array
        (
            [customer_name] =>  
            [customer_email] => korshunoved@gmail.com
            [order_id] => 481
        )

    [capture_method] => automatic
    [payment_method_types] => Array
        (
            [0] => card
        )

    [customer] => cus_HGZOeqmFoSrRFW
)

====End Log====


2020-05-12T17:51:22+00:00 DEBUG 
====Stripe Version: 4.3.2====
====Start Log====
sources/src_1Gi2G3ErcDB2LdSERQTYVG8k
====End Log====


2020-05-12T17:51:22+00:00 DEBUG 
====Stripe Version: 4.3.2====
====Start Log====
Info: Begin processing payment for order 481 for the amount of 0.50
====End Log====


2020-05-12T17:51:22+00:00 DEBUG 
====Stripe Version: 4.3.2====
====Start Log====
payment_intents request: Array
(
    [source] => src_1Gi2G3ErcDB2LdSERQTYVG8k
    [amount] => 50
    [currency] => usd
    [description] => Ming Ming LTD - Order 481
    [metadata] => Array
        (
            [customer_name] =>  
            [customer_email] => korshunoved@gmail.com
            [order_id] => 481
        )

    [capture_method] => automatic
    [payment_method_types] => Array
        (
            [0] => card
        )

    [customer] => cus_HGZOeqmFoSrRFW
)

====End Log====


2020-05-12T17:51:27+00:00 DEBUG 
====Stripe Version: 4.3.2====
====Start Log====
sources/src_1Gi2G3ErcDB2LdSERQTYVG8k
====End Log====


2020-05-12T17:51:27+00:00 DEBUG 
====Stripe Version: 4.3.2====
====Start Log====
Info: Begin processing payment for order 481 for the amount of 0.50
====End Log====


2020-05-12T17:51:27+00:00 DEBUG 
====Stripe Version: 4.3.2====
====Start Log====
payment_intents request: Array
(
    [source] => src_1Gi2G3ErcDB2LdSERQTYVG8k
    [amount] => 50
    [currency] => usd
    [description] => Ming Ming LTD - Order 481
    [metadata] => Array
        (
            [customer_name] =>  
            [customer_email] => korshunoved@gmail.com
            [order_id] => 481
        )

    [capture_method] => automatic
    [payment_method_types] => Array
        (
            [0] => card
        )

    [customer] => cus_HGZOeqmFoSrRFW
)

====End Log====


2020-05-12T17:51:28+00:00 DEBUG 
====Stripe Version: 4.3.2====
====Start Log====
sources/src_1Gi2G3ErcDB2LdSERQTYVG8k
====End Log====


2020-05-12T17:51:28+00:00 DEBUG 
====Stripe Version: 4.3.2====
====Start Log====
Info: Begin processing payment for order 481 for the amount of 0.50
====End Log====


2020-05-12T17:51:28+00:00 DEBUG 
====Stripe Version: 4.3.2====
====Start Log====
payment_intents request: Array
(
    [source] => src_1Gi2G3ErcDB2LdSERQTYVG8k
    [amount] => 50
    [currency] => usd
    [description] => Ming Ming LTD - Order 481
    [metadata] => Array
        (
            [customer_name] =>  
            [customer_email] => korshunoved@gmail.com
            [order_id] => 481
        )

    [capture_method] => automatic
    [payment_method_types] => Array
        (
            [0] => card
        )

    [customer] => cus_HGZOeqmFoSrRFW
)

====End Log====


2020-05-12T17:51:29+00:00 DEBUG 
====Stripe Version: 4.3.2====
====Start Log====
Error: stdClass Object
(
    [error] => stdClass Object
        (
            [code] => amount_too_small
            [doc_url] => https://stripe.com/docs/error-codes/amount-too-small
            [message] => Amount must convert to at least 400 cents. $0.50 USD converts to approximately $3.87 HKD.
            [type] => invalid_request_error
        )

)

====End Log====


2020-05-12T17:53:18+00:00 DEBUG 
====Stripe Version: 4.3.2====
====Start Log====
customers/cus_Gz9eci9S3d8s6q/sources request: Array
(
    [limit] => 100
)

====End Log====


2020-05-12T17:53:18+00:00 DEBUG 
====Stripe Version: 4.3.2====
====Start Log====
customers/cus_Gz9eci9S3d8s6q/sources request: Array
(
    [limit] => 100
)

====End Log====


2020-05-12T17:53:21+00:00 DEBUG 
====Stripe Version: 4.3.2====
====Start Log====
customers/cus_Gz9eci9S3d8s6q/sources request: Array
(
    [limit] => 100
)

====End Log====


2020-05-12T17:53:22+00:00 DEBUG 
====Stripe Version: 4.3.2====
====Start Log====
customers/cus_Gz9eci9S3d8s6q/sources request: Array
(
    [limit] => 100
)

====End Log====


2020-05-12T17:53:35+00:00 DEBUG 
====Stripe Version: 4.3.2====
====Start Log====
customers/cus_Gz9eci9S3d8s6q/sources request: Array
(
    [limit] => 100
)

====End Log====


2020-05-12T17:53:35+00:00 DEBUG 
====Stripe Version: 4.3.2====
====Start Log====
customers/cus_Gz9eci9S3d8s6q/sources request: Array
(
    [limit] => 100
)

====End Log====


2020-05-12T17:53:38+00:00 DEBUG 
====Stripe Version: 4.3.2====
====Start Log====
customers/cus_Gz9eci9S3d8s6q/sources request: Array
(
    [limit] => 100
)

====End Log====


2020-05-12T17:53:38+00:00 DEBUG 
====Stripe Version: 4.3.2====
====Start Log====
customers/cus_Gz9eci9S3d8s6q/sources request: Array
(
    [limit] => 100
)

====End Log====


2020-05-12T17:53:53+00:00 DEBUG 
====Stripe Version: 4.3.2====
====Start Log====
customers/cus_Gz9eci9S3d8s6q/sources request: Array
(
    [limit] => 100
)

====End Log====


2020-05-12T17:53:53+00:00 DEBUG 
====Stripe Version: 4.3.2====
====Start Log====
customers/cus_Gz9eci9S3d8s6q/sources request: Array
(
    [limit] => 100
)

====End Log====


2020-05-12T17:53:55+00:00 DEBUG 
====Stripe Version: 4.3.2====
====Start Log====
customers/cus_Gz9eci9S3d8s6q/sources request: Array
(
    [limit] => 100
)

====End Log====


2020-05-12T17:53:55+00:00 DEBUG 
====Stripe Version: 4.3.2====
====Start Log====
customers/cus_Gz9eci9S3d8s6q/sources request: Array
(
    [limit] => 100
)

====End Log====


2020-05-12T17:54:14+00:00 DEBUG 
====Stripe Version: 4.3.2====
====Start Log====
customers/cus_Gz9eci9S3d8s6q/sources request: Array
(
    [limit] => 100
)

====End Log====


2020-05-12T17:54:15+00:00 DEBUG 
====Stripe Version: 4.3.2====
====Start Log====
customers/cus_Gz9eci9S3d8s6q/sources request: Array
(
    [limit] => 100
)

====End Log====


2020-05-12T17:54:17+00:00 DEBUG 
====Stripe Version: 4.3.2====
====Start Log====
customers/cus_Gz9eci9S3d8s6q/sources request: Array
(
    [limit] => 100
)

====End Log====


2020-05-12T17:54:18+00:00 DEBUG 
====Stripe Version: 4.3.2====
====Start Log====
customers/cus_Gz9eci9S3d8s6q/sources request: Array
(
    [limit] => 100
)

====End Log====


2020-05-12T18:05:40+00:00 DEBUG 
====Stripe Version: 4.3.2====
====Start Log====
customers/cus_Gz9eci9S3d8s6q/sources request: Array
(
    [limit] => 100
)

====End Log====


2020-05-12T18:05:41+00:00 DEBUG 
====Stripe Version: 4.3.2====
====Start Log====
customers/cus_Gz9eci9S3d8s6q/sources request: Array
(
    [limit] => 100
)

====End Log====


2020-05-12T18:05:43+00:00 DEBUG 
====Stripe Version: 4.3.2====
====Start Log====
customers/cus_Gz9eci9S3d8s6q/sources request: Array
(
    [limit] => 100
)

====End Log====


2020-05-12T18:05:43+00:00 DEBUG 
====Stripe Version: 4.3.2====
====Start Log====
customers/cus_Gz9eci9S3d8s6q/sources request: Array
(
    [limit] => 100
)

====End Log====


2020-05-12T21:49:46+00:00 DEBUG 
====Stripe Version: 4.3.2====
====Start Log====
Stripe Payment Request live mode requires SSL.
====End Log====


