2020-08-27T13:59:46+00:00 DEBUG 
====Stripe Version: 4.3.3====
====Start Log====
Stripe Payment Request live mode requires SSL.
====End Log====


2020-08-27T15:42:11+00:00 DEBUG 
====Stripe Version: 4.3.3====
====Start Log====
Stripe Payment Request live mode requires SSL.
====End Log====


2020-08-27T17:58:17+00:00 DEBUG 
====Stripe Version: 4.3.3====
====Start Log====
Stripe Payment Request live mode requires SSL.
====End Log====


2020-08-27T19:42:58+00:00 DEBUG 
====Stripe Version: 4.3.3====
====Start Log====
Stripe Payment Request live mode requires SSL.
====End Log====


2020-08-27T23:14:23+00:00 DEBUG 
====Stripe Version: 4.3.3====
====Start Log====
Stripe Payment Request live mode requires SSL.
====End Log====


