2020-05-14T02:43:14+00:00 DEBUG 
====Stripe Version: 4.3.3====
====Start Log====
Stripe Payment Request live mode requires SSL.
====End Log====


2020-05-14T04:30:40+00:00 DEBUG 
====Stripe Version: 4.3.3====
====Start Log====
Stripe Payment Request live mode requires SSL.
====End Log====


2020-05-14T07:51:09+00:00 DEBUG 
====Stripe Version: 4.3.3====
====Start Log====
customers/cus_HGuk0qfJkRzAxt/sources request: Array
(
    [limit] => 100
)

====End Log====


2020-05-14T07:51:10+00:00 DEBUG 
====Stripe Version: 4.3.3====
====Start Log====
customers/cus_HGuk0qfJkRzAxt/sources request: Array
(
    [limit] => 100
)

====End Log====


2020-05-14T07:51:11+00:00 DEBUG 
====Stripe Version: 4.3.3====
====Start Log====
customers/cus_HGuk0qfJkRzAxt/sources request: Array
(
    [limit] => 100
)

====End Log====


2020-05-14T07:51:12+00:00 DEBUG 
====Stripe Version: 4.3.3====
====Start Log====
customers/cus_HGuk0qfJkRzAxt/sources request: Array
(
    [limit] => 100
)

====End Log====


2020-05-14T07:59:03+00:00 DEBUG 
====Stripe Version: 4.3.3====
====Start Log====
customers/cus_HGuk0qfJkRzAxt/sources request: Array
(
    [limit] => 100
)

====End Log====


2020-05-14T07:59:03+00:00 DEBUG 
====Stripe Version: 4.3.3====
====Start Log====
customers/cus_HGuk0qfJkRzAxt/sources request: Array
(
    [limit] => 100
)

====End Log====


2020-05-14T13:30:59+00:00 DEBUG 
====Stripe Version: 4.3.3====
====Start Log====
Stripe Payment Request live mode requires SSL.
====End Log====


2020-05-14T15:42:03+00:00 DEBUG 
====Stripe Version: 4.3.3====
====Start Log====
payment_intents/pi_1GiOKVErcDB2LdSEPhFXtMBL request: Array
(
)

====End Log====


2020-05-14T15:42:25+00:00 DEBUG 
====Stripe Version: 4.3.3====
====Start Log====
payment_intents/pi_1GiOEaErcDB2LdSE91PxeO7L request: Array
(
)

====End Log====


2020-05-14T15:42:36+00:00 DEBUG 
====Stripe Version: 4.3.3====
====Start Log====
payment_intents/pi_1GiO3UErcDB2LdSEdhZxwmZ3 request: Array
(
)

====End Log====


2020-05-14T16:16:38+00:00 DEBUG 
====Stripe Version: 4.3.3====
====Start Log====
Stripe Payment Request live mode requires SSL.
====End Log====


2020-05-14T18:23:51+00:00 DEBUG 
====Stripe Version: 4.3.3====
====Start Log====
Stripe Payment Request live mode requires SSL.
====End Log====


