2020-08-22T02:08:40+00:00 DEBUG 
====Stripe Version: 4.3.3====
====Start Log====
Stripe Payment Request live mode requires SSL.
====End Log====


2020-08-22T02:08:40+00:00 DEBUG 
====Stripe Version: 4.3.3====
====Start Log====
Stripe Payment Request live mode requires SSL.
====End Log====


2020-08-22T02:08:41+00:00 DEBUG 
====Stripe Version: 4.3.3====
====Start Log====
Stripe Payment Request live mode requires SSL.
====End Log====


2020-08-22T02:08:41+00:00 DEBUG 
====Stripe Version: 4.3.3====
====Start Log====
Stripe Payment Request live mode requires SSL.
====End Log====


2020-08-22T02:08:41+00:00 DEBUG 
====Stripe Version: 4.3.3====
====Start Log====
Stripe Payment Request live mode requires SSL.
====End Log====


2020-08-22T02:08:41+00:00 DEBUG 
====Stripe Version: 4.3.3====
====Start Log====
Stripe Payment Request live mode requires SSL.
====End Log====


2020-08-22T02:08:41+00:00 DEBUG 
====Stripe Version: 4.3.3====
====Start Log====
Stripe Payment Request live mode requires SSL.
====End Log====


2020-08-22T02:08:42+00:00 DEBUG 
====Stripe Version: 4.3.3====
====Start Log====
Stripe Payment Request live mode requires SSL.
====End Log====


2020-08-22T02:08:43+00:00 DEBUG 
====Stripe Version: 4.3.3====
====Start Log====
Stripe Payment Request live mode requires SSL.
====End Log====


2020-08-22T02:08:43+00:00 DEBUG 
====Stripe Version: 4.3.3====
====Start Log====
Stripe Payment Request live mode requires SSL.
====End Log====


